This is pdfTeX, Version 3.1415926-2.4-1.40.13 (TeX Live 2012) (format=pdflatex 2012.6.30)  13 MAY 2013 16:42
entering extended mode
 restricted \write18 enabled.
 file:line:error style messages enabled.
 %&-line parsing enabled.
**Dissertation.tex
(./Dissertation.tex
LaTeX2e <2011/06/27>
Babel <v3.8m> and hyphenation patterns for english, dumylang, nohyphenation, ge
rman-x-2012-05-30, ngerman-x-2012-05-30, afrikaans, ancientgreek, ibycus, arabi
c, armenian, basque, bulgarian, catalan, pinyin, coptic, croatian, czech, danis
h, dutch, ukenglish, usenglishmax, esperanto, estonian, ethiopic, farsi, finnis
h, french, friulan, galician, german, ngerman, swissgerman, monogreek, greek, h
ungarian, icelandic, assamese, bengali, gujarati, hindi, kannada, malayalam, ma
rathi, oriya, panjabi, tamil, telugu, indonesian, interlingua, irish, italian, 
kurmanji, latin, latvian, lithuanian, mongolian, mongolianlmc, bokmal, nynorsk,
 polish, portuguese, romanian, romansh, russian, sanskrit, serbian, serbianc, s
lovak, slovenian, spanish, swedish, turkish, turkmen, ukrainian, uppersorbian, 
welsh, loaded.
(/usr/local/texlive/2012/texmf-dist/tex/latex/base/report.cls
Document Class: report 2007/10/19 v1.4h Standard LaTeX document class
(/usr/local/texlive/2012/texmf-dist/tex/latex/base/size12.clo
File: size12.clo 2007/10/19 v1.4h Standard LaTeX file (size option)
)
\c@part=\count79
\c@chapter=\count80
\c@section=\count81
\c@subsection=\count82
\c@subsubsection=\count83
\c@paragraph=\count84
\c@subparagraph=\count85
\c@figure=\count86
\c@table=\count87
\abovecaptionskip=\skip41
\belowcaptionskip=\skip42
\bibindent=\dimen102
)
(./dissertation.sty

LaTeX Warning: You have requested package `dissertation',
               but the package provides `fyp'.

Package: fyp 
(/usr/local/texlive/2012/texmf-dist/tex/latex/base/ifthen.sty
Package: ifthen 2001/05/26 v1.1c Standard LaTeX ifthen package (DPC)
)
(/usr/local/texlive/2012/texmf-dist/tex/latex/fancyhdr/fancyhdr.sty
\fancy@headwidth=\skip43
\f@ncyO@elh=\skip44
\f@ncyO@erh=\skip45
\f@ncyO@olh=\skip46
\f@ncyO@orh=\skip47
\f@ncyO@elf=\skip48
\f@ncyO@erf=\skip49
\f@ncyO@olf=\skip50
\f@ncyO@orf=\skip51
)
(/usr/local/texlive/2012/texmf-dist/tex/latex/setspace/setspace.sty
Package: setspace 2011/12/19 v6.7a set line spacing
)
(/usr/local/texlive/2012/texmf-dist/tex/latex/geometry/geometry.sty
Package: geometry 2010/09/12 v5.6 Page Geometry

(/usr/local/texlive/2012/texmf-dist/tex/latex/graphics/keyval.sty
Package: keyval 1999/03/16 v1.13 key=value parser (DPC)
\KV@toks@=\toks14
)
(/usr/local/texlive/2012/texmf-dist/tex/generic/oberdiek/ifpdf.sty
Package: ifpdf 2011/01/30 v2.3 Provides the ifpdf switch (HO)
Package ifpdf Info: pdfTeX in PDF mode is detected.
)
(/usr/local/texlive/2012/texmf-dist/tex/generic/oberdiek/ifvtex.sty
Package: ifvtex 2010/03/01 v1.5 Detect VTeX and its facilities (HO)
Package ifvtex Info: VTeX not detected.
)
(/usr/local/texlive/2012/texmf-dist/tex/generic/ifxetex/ifxetex.sty
Package: ifxetex 2010/09/12 v0.6 Provides ifxetex conditional
)
\Gm@cnth=\count88
\Gm@cntv=\count89
\c@Gm@tempcnt=\count90
\Gm@bindingoffset=\dimen103
\Gm@wd@mp=\dimen104
\Gm@odd@mp=\dimen105
\Gm@even@mp=\dimen106
\Gm@layoutwidth=\dimen107
\Gm@layoutheight=\dimen108
\Gm@layouthoffset=\dimen109
\Gm@layoutvoffset=\dimen110
\Gm@dimlist=\toks15
)
(/usr/local/texlive/2012/texmf-dist/tex/latex/graphics/graphicx.sty
Package: graphicx 1999/02/16 v1.0f Enhanced LaTeX Graphics (DPC,SPQR)

(/usr/local/texlive/2012/texmf-dist/tex/latex/graphics/graphics.sty
Package: graphics 2009/02/05 v1.0o Standard LaTeX Graphics (DPC,SPQR)

(/usr/local/texlive/2012/texmf-dist/tex/latex/graphics/trig.sty
Package: trig 1999/03/16 v1.09 sin cos tan (DPC)
)
(/usr/local/texlive/2012/texmf-dist/tex/latex/latexconfig/graphics.cfg
File: graphics.cfg 2010/04/23 v1.9 graphics configuration of TeX Live
)
Package graphics Info: Driver file: pdftex.def on input line 91.

(/usr/local/texlive/2012/texmf-dist/tex/latex/pdftex-def/pdftex.def
File: pdftex.def 2011/05/27 v0.06d Graphics/color for pdfTeX

(/usr/local/texlive/2012/texmf-dist/tex/generic/oberdiek/infwarerr.sty
Package: infwarerr 2010/04/08 v1.3 Providing info/warning/error messages (HO)
)
(/usr/local/texlive/2012/texmf-dist/tex/generic/oberdiek/ltxcmds.sty
Package: ltxcmds 2011/11/09 v1.22 LaTeX kernel commands for general use (HO)
)
\Gread@gobject=\count91
))
\Gin@req@height=\dimen111
\Gin@req@width=\dimen112
)
\mpwidth=\skip52
\oldindent=\skip53
)
(/usr/local/texlive/2012/texmf-dist/tex/latex/tools/verbatim.sty
Package: verbatim 2003/08/22 v1.5q LaTeX2e package for verbatim enhancements
\every@verbatim=\toks16
\verbatim@line=\toks17
\verbatim@in@stream=\read1
)
(/usr/local/texlive/2012/texmf-dist/tex/latex/amsfonts/amsfonts.sty
Package: amsfonts 2009/06/22 v3.00 Basic AMSFonts support
\@emptytoks=\toks18
\symAMSa=\mathgroup4
\symAMSb=\mathgroup5
LaTeX Font Info:    Overwriting math alphabet `\mathfrak' in version `bold'
(Font)                  U/euf/m/n --> U/euf/b/n on input line 96.
)
(/usr/local/texlive/2012/texmf-dist/tex/latex/amsmath/amsmath.sty
Package: amsmath 2000/07/18 v2.13 AMS math features
\@mathmargin=\skip54

For additional information on amsmath, use the `?' option.
(/usr/local/texlive/2012/texmf-dist/tex/latex/amsmath/amstext.sty
Package: amstext 2000/06/29 v2.01

(/usr/local/texlive/2012/texmf-dist/tex/latex/amsmath/amsgen.sty
File: amsgen.sty 1999/11/30 v2.0
\@emptytoks=\toks19
\ex@=\dimen113
))
(/usr/local/texlive/2012/texmf-dist/tex/latex/amsmath/amsbsy.sty
Package: amsbsy 1999/11/29 v1.2d
\pmbraise@=\dimen114
)
(/usr/local/texlive/2012/texmf-dist/tex/latex/amsmath/amsopn.sty
Package: amsopn 1999/12/14 v2.01 operator names
)
\inf@bad=\count92
LaTeX Info: Redefining \frac on input line 211.
\uproot@=\count93
\leftroot@=\count94
LaTeX Info: Redefining \overline on input line 307.
\classnum@=\count95
\DOTSCASE@=\count96
LaTeX Info: Redefining \ldots on input line 379.
LaTeX Info: Redefining \dots on input line 382.
LaTeX Info: Redefining \cdots on input line 467.
\Mathstrutbox@=\box26
\strutbox@=\box27
\big@size=\dimen115
LaTeX Font Info:    Redeclaring font encoding OML on input line 567.
LaTeX Font Info:    Redeclaring font encoding OMS on input line 568.
\macc@depth=\count97
\c@MaxMatrixCols=\count98
\dotsspace@=\muskip10
\c@parentequation=\count99
\dspbrk@lvl=\count100
\tag@help=\toks20
\row@=\count101
\column@=\count102
\maxfields@=\count103
\andhelp@=\toks21
\eqnshift@=\dimen116
\alignsep@=\dimen117
\tagshift@=\dimen118
\tagwidth@=\dimen119
\totwidth@=\dimen120
\lineht@=\dimen121
\@envbody=\toks22
\multlinegap=\skip55
\multlinetaggap=\skip56
\mathdisplay@stack=\toks23
LaTeX Info: Redefining \[ on input line 2666.
LaTeX Info: Redefining \] on input line 2667.
)
(/usr/local/texlive/2012/texmf-dist/tex/latex/amsfonts/amssymb.sty
Package: amssymb 2009/06/22 v3.00
)
(/usr/local/texlive/2012/texmf-dist/tex/latex/amscls/amsthm.sty
Package: amsthm 2009/07/02 v2.20.1
\thm@style=\toks24
\thm@bodyfont=\toks25
\thm@headfont=\toks26
\thm@notefont=\toks27
\thm@headpunct=\toks28
\thm@preskip=\skip57
\thm@postskip=\skip58
\thm@headsep=\skip59
\dth@everypar=\toks29
)
(/usr/local/texlive/2012/texmf-dist/tex/latex/caption/caption.sty
Package: caption 2012/02/19 v3.2f Customizing captions (AR)

(/usr/local/texlive/2012/texmf-dist/tex/latex/caption/caption3.sty
Package: caption3 2012/01/12 v1.4b caption3 kernel (AR)
\captionmargin=\dimen122
\captionmargin@=\dimen123
\captionwidth=\dimen124
\caption@indent=\dimen125
\caption@parindent=\dimen126
\caption@hangindent=\dimen127
)
\c@ContinuedFloat=\count104
)
(/usr/local/texlive/2012/texmf-dist/tex/latex/caption/subcaption.sty
Package: subcaption 2012/01/12 v1.1d Sub-captions (AR)
\c@subfigure=\count105
\c@subtable=\count106
)
(/usr/local/texlive/2012/texmf-dist/tex/latex/tools/afterpage.sty
Package: afterpage 1995/10/27 v1.08 After-Page Package (DPC)
\AP@output=\toks30
\AP@partial=\box28
\AP@footins=\box29
)
(/usr/local/texlive/2012/texmf-dist/tex/latex/float/float.sty
Package: float 2001/11/08 v1.3d Float enhancements (AL)
\c@float@type=\count107
\float@exts=\toks31
\float@box=\box30
\@float@everytoks=\toks32
\@floatcapt=\box31
)
(/usr/local/texlive/2012/texmf-dist/tex/latex/lipsum/lipsum.sty
Package: lipsum 2011/04/14 v1.2 150 paragraphs of Lorem Ipsum dummy text
\c@lips@count=\count108
)
(/usr/local/texlive/2012/texmf-dist/tex/latex/graphics/color.sty
Package: color 2005/11/14 v1.0j Standard LaTeX Color (DPC)

(/usr/local/texlive/2012/texmf-dist/tex/latex/latexconfig/color.cfg
File: color.cfg 2007/01/18 v1.5 color configuration of teTeX/TeXLive
)
Package color Info: Driver file: pdftex.def on input line 130.
)
(/usr/local/texlive/2012/texmf-dist/tex/latex/base/fixltx2e.sty
Package: fixltx2e 2006/09/13 v1.1m fixes to LaTeX
LaTeX Info: Redefining \em on input line 420.
LaTeX Info: The control sequence `\[' is already robust on input line 471.
LaTeX Info: The control sequence `\]' is already robust on input line 472.
)
(/usr/local/texlive/2012/texmf-dist/tex/latex/hyperref/hyperref.sty
Package: hyperref 2012/05/13 v6.82q Hypertext links for LaTeX

(/usr/local/texlive/2012/texmf-dist/tex/generic/oberdiek/hobsub-hyperref.sty
Package: hobsub-hyperref 2012/05/28 v1.13 Bundle oberdiek, subset hyperref (HO)


(/usr/local/texlive/2012/texmf-dist/tex/generic/oberdiek/hobsub-generic.sty
Package: hobsub-generic 2012/05/28 v1.13 Bundle oberdiek, subset generic (HO)
Package: hobsub 2012/05/28 v1.13 Construct package bundles (HO)
Package hobsub Info: Skipping package `infwarerr' (already loaded).
Package hobsub Info: Skipping package `ltxcmds' (already loaded).
Package: ifluatex 2010/03/01 v1.3 Provides the ifluatex switch (HO)
Package ifluatex Info: LuaTeX not detected.
Package hobsub Info: Skipping package `ifvtex' (already loaded).
Package: intcalc 2007/09/27 v1.1 Expandable calculations with integers (HO)
Package hobsub Info: Skipping package `ifpdf' (already loaded).
Package: etexcmds 2011/02/16 v1.5 Avoid name clashes with e-TeX commands (HO)
Package etexcmds Info: Could not find \expanded.
(etexcmds)             That can mean that you are not using pdfTeX 1.50 or
(etexcmds)             that some package has redefined \expanded.
(etexcmds)             In the latter case, load this package earlier.
Package: kvsetkeys 2012/04/25 v1.16 Key value parser (HO)
Package: kvdefinekeys 2011/04/07 v1.3 Define keys (HO)
Package: pdftexcmds 2011/11/29 v0.20 Utility functions of pdfTeX for LuaTeX (HO
)
Package pdftexcmds Info: LuaTeX not detected.
Package pdftexcmds Info: \pdf@primitive is available.
Package pdftexcmds Info: \pdf@ifprimitive is available.
Package pdftexcmds Info: \pdfdraftmode found.
Package: pdfescape 2011/11/25 v1.13 Implements pdfTeX's escape features (HO)
Package: bigintcalc 2012/04/08 v1.3 Expandable calculations on big integers (HO
)
Package: bitset 2011/01/30 v1.1 Handle bit-vector datatype (HO)
Package: uniquecounter 2011/01/30 v1.2 Provide unlimited unique counter (HO)
)
Package hobsub Info: Skipping package `hobsub' (already loaded).
Package: letltxmacro 2010/09/02 v1.4 Let assignment for LaTeX macros (HO)
Package: hopatch 2012/05/28 v1.2 Wrapper for package hooks (HO)
Package: xcolor-patch 2011/01/30 xcolor patch
Package: atveryend 2011/06/30 v1.8 Hooks at the very end of document (HO)
Package atveryend Info: \AP@enddocument detected (standard20110627).
Package: atbegshi 2011/10/05 v1.16 At begin shipout hook (HO)
Package: refcount 2011/10/16 v3.4 Data extraction from label references (HO)
Package: hycolor 2011/01/30 v1.7 Color options for hyperref/bookmark (HO)
)
(/usr/local/texlive/2012/texmf-dist/tex/latex/oberdiek/kvoptions.sty
Package: kvoptions 2011/06/30 v3.11 Key value format for package options (HO)
)
\@linkdim=\dimen128
\Hy@linkcounter=\count109
\Hy@pagecounter=\count110

(/usr/local/texlive/2012/texmf-dist/tex/latex/hyperref/pd1enc.def
File: pd1enc.def 2012/05/13 v6.82q Hyperref: PDFDocEncoding definition (HO)
)
\Hy@SavedSpaceFactor=\count111

(/usr/local/texlive/2012/texmf-dist/tex/latex/latexconfig/hyperref.cfg
File: hyperref.cfg 2002/06/06 v1.2 hyperref configuration of TeXLive
)
Package hyperref Info: Hyper figures OFF on input line 4062.
Package hyperref Info: Link nesting OFF on input line 4067.
Package hyperref Info: Hyper index ON on input line 4070.
Package hyperref Info: Plain pages OFF on input line 4077.
Package hyperref Info: Backreferencing OFF on input line 4082.
Package hyperref Info: Implicit mode ON; LaTeX internals redefined.
Package hyperref Info: Bookmarks ON on input line 4300.
\c@Hy@tempcnt=\count112

(/usr/local/texlive/2012/texmf-dist/tex/latex/url/url.sty
\Urlmuskip=\muskip11
Package: url 2006/04/12  ver 3.3  Verb mode for urls, etc.
)
LaTeX Info: Redefining \url on input line 4653.
\Fld@menulength=\count113
\Field@Width=\dimen129
\Fld@charsize=\dimen130
Package hyperref Info: Hyper figures OFF on input line 5773.
Package hyperref Info: Link nesting OFF on input line 5778.
Package hyperref Info: Hyper index ON on input line 5781.
Package hyperref Info: backreferencing OFF on input line 5788.
Package hyperref Info: Link coloring OFF on input line 5793.
Package hyperref Info: Link coloring with OCG OFF on input line 5798.
Package hyperref Info: PDF/A mode OFF on input line 5803.
LaTeX Info: Redefining \ref on input line 5843.
LaTeX Info: Redefining \pageref on input line 5847.
\Hy@abspage=\count114
\c@Item=\count115
\c@Hfootnote=\count116
)

Package hyperref Message: Driver (autodetected): hpdftex.

(/usr/local/texlive/2012/texmf-dist/tex/latex/hyperref/hpdftex.def
File: hpdftex.def 2012/05/13 v6.82q Hyperref driver for pdfTeX
\Fld@listcount=\count117
\c@bookmark@seq@number=\count118

(/usr/local/texlive/2012/texmf-dist/tex/latex/oberdiek/rerunfilecheck.sty
Package: rerunfilecheck 2011/04/15 v1.7 Rerun checks for auxiliary files (HO)
Package uniquecounter Info: New unique counter `rerunfilecheck' on input line 2
82.
)
\Hy@SectionHShift=\skip60
)
(/usr/local/texlive/2012/texmf-dist/tex/latex/mh/mathtools.sty
Package: mathtools 2012/04/24 v1.12 mathematical typesetting tools

(/usr/local/texlive/2012/texmf-dist/tex/latex/tools/calc.sty
Package: calc 2007/08/22 v4.3 Infix arithmetic (KKT,FJ)
\calc@Acount=\count119
\calc@Bcount=\count120
\calc@Adimen=\dimen131
\calc@Bdimen=\dimen132
\calc@Askip=\skip61
\calc@Bskip=\skip62
LaTeX Info: Redefining \setlength on input line 76.
LaTeX Info: Redefining \addtolength on input line 77.
\calc@Ccount=\count121
\calc@Cskip=\skip63
)
(/usr/local/texlive/2012/texmf-dist/tex/latex/mh/mhsetup.sty
Package: mhsetup 2010/01/21 v1.2a programming setup (MH)
)
\g_MT_multlinerow_int=\count122
\l_MT_multwidth_dim=\dimen133
\origjot=\skip64
\l_MT_shortvdotswithinadjustabove_dim=\dimen134
\l_MT_shortvdotswithinadjustbelow_dim=\dimen135
\l_MT_above_intertext_dim=\dimen136
\l_MT_below_intertext_dim=\dimen137
\l_MT_above_shortintertext_dim=\dimen138
\l_MT_below_shortintertext_dim=\dimen139
)
(/usr/local/texlive/2012/texmf-dist/tex/latex/fancyhdr/fancyheadings.sty
Package: fancyheadings 2008/02/04 1.99 Dummy package to call fancyhdr


Package fancyheadings Warning: Please stop using fancyheadings!
(fancyheadings)                Use fancyhdr instead.
(fancyheadings)                We will call fancyhdr with the very same
(fancyheadings)                options you passed to fancyheadings.
(fancyheadings)                
(fancyheadings)                fancyhdr is 99 percent compatible with
(fancyheadings)                fancyheadings. The only incompatibility is
(fancyheadings)                that \headrulewidth and \footrulewidth and
(fancyheadings)                their \plain... versions are no longer length
(fancyheadings)                parameters, but normal macros (to be changed
(fancyheadings)                with \renewcommand rather than \setlength)..

) (/usr/local/texlive/2012/texmf-dist/tex/latex/listings/listings.sty
\lst@mode=\count123
\lst@gtempboxa=\box32
\lst@token=\toks33
\lst@length=\count124
\lst@currlwidth=\dimen140
\lst@column=\count125
\lst@pos=\count126
\lst@lostspace=\dimen141
\lst@width=\dimen142
\lst@newlines=\count127
\lst@lineno=\count128
\lst@maxwidth=\dimen143

(/usr/local/texlive/2012/texmf-dist/tex/latex/listings/lstmisc.sty
File: lstmisc.sty 2007/02/22 1.4 (Carsten Heinz)
\c@lstnumber=\count129
\lst@skipnumbers=\count130
\lst@framebox=\box33
)
(/usr/local/texlive/2012/texmf-dist/tex/latex/listings/listings.cfg
File: listings.cfg 2007/02/22 1.4 listings configuration
))
Package: listings 2007/02/22 1.4 (Carsten Heinz)

(/usr/local/texlive/2012/texmf-dist/tex/latex/listings/lstlang1.sty
File: lstlang1.sty 2004/09/05 1.3 listings language file
)
\c@definition=\count131
\c@example=\count132
\c@proposition=\count133
\c@lemma=\count134
\c@corollary=\count135
\c@theorem=\count136

(/Users/lukeagius/Documents/Dropbox/1. Documents Repository/Education/Universit
y/5th year/Thesis/Documentation/Thesis Document/4. Final Report/Document/.texpa
dtmp/Dissertation.aux
(/Users/lukeagius/Documents/Dropbox/1. Documents Repository/Education/Universit
y/5th year/Thesis/Documentation/Thesis Document/4. Final Report/Document/.texpa
dtmp/Titlepage.aux)
(/Users/lukeagius/Documents/Dropbox/1. Documents Repository/Education/Universit
y/5th year/Thesis/Documentation/Thesis Document/4. Final Report/Document/.texpa
dtmp/Acknowledgments.aux)
(/Users/lukeagius/Documents/Dropbox/1. Documents Repository/Education/Universit
y/5th year/Thesis/Documentation/Thesis Document/4. Final Report/Document/.texpa
dtmp/TableOfContents.aux)
(/Users/lukeagius/Documents/Dropbox/1. Documents Repository/Education/Universit
y/5th year/Thesis/Documentation/Thesis Document/4. Final Report/Document/.texpa
dtmp/Summary.aux)
(/Users/lukeagius/Documents/Dropbox/1. Documents Repository/Education/Universit
y/5th year/Thesis/Documentation/Thesis Document/4. Final Report/Document/.texpa
dtmp/introduction.aux)
(/Users/lukeagius/Documents/Dropbox/1. Documents Repository/Education/Universit
y/5th year/Thesis/Documentation/Thesis Document/4. Final Report/Document/.texpa
dtmp/LitreatureReview.aux

LaTeX Warning: Label `fig:electrical' multiply defined.


LaTeX Warning: Label `sub@fig:electrical' multiply defined.


LaTeX Warning: Label `fig:gaus' multiply defined.


LaTeX Warning: Label `sub@fig:gaus' multiply defined.


LaTeX Warning: Label `fig:gabor' multiply defined.


LaTeX Warning: Label `sub@fig:gabor' multiply defined.


LaTeX Warning: Label `fig:gaus' multiply defined.


LaTeX Warning: Label `sub@fig:gaus' multiply defined.


LaTeX Warning: Label `fig:gaus' multiply defined.


LaTeX Warning: Label `sub@fig:gaus' multiply defined.

)
(/Users/lukeagius/Documents/Dropbox/1. Documents Repository/Education/Universit
y/5th year/Thesis/Documentation/Thesis Document/4. Final Report/Document/.texpa
dtmp/Methods.aux

LaTeX Warning: Label `sec:overview' multiply defined.


LaTeX Warning: Label `fig:modelsymbol' multiply defined.


LaTeX Warning: Label `sub@fig:modelsymbol' multiply defined.


LaTeX Warning: Label `fig:cosfireconf' multiply defined.


LaTeX Warning: Label `sub@fig:cosfireconf' multiply defined.


LaTeX Warning: Label `fig:modelsymbol' multiply defined.


LaTeX Warning: Label `sub@fig:modelsymbol' multiply defined.


LaTeX Warning: Label `fig:modelsymbol' multiply defined.


LaTeX Warning: Label `sub@fig:modelsymbol' multiply defined.


LaTeX Warning: Label `fig:mf123' multiply defined.


LaTeX Warning: Label `sub@fig:mf123' multiply defined.


LaTeX Warning: Label `fig:modelsymbol' multiply defined.


LaTeX Warning: Label `sub@fig:modelsymbol' multiply defined.


LaTeX Warning: Label `fig:mf123' multiply defined.


LaTeX Warning: Label `sub@fig:mf123' multiply defined.


LaTeX Warning: Label `fig:modelsymbol' multiply defined.


LaTeX Warning: Label `sub@fig:modelsymbol' multiply defined.


LaTeX Warning: Label `fig:cosfireconf' multiply defined.


LaTeX Warning: Label `sub@fig:cosfireconf' multiply defined.


LaTeX Warning: Label `fig:modelsymbol' multiply defined.


LaTeX Warning: Label `sub@fig:modelsymbol' multiply defined.


LaTeX Warning: Label `fig:modelsymbol' multiply defined.


LaTeX Warning: Label `sub@fig:modelsymbol' multiply defined.


LaTeX Warning: Label `fig:cosfireoperator' multiply defined.


LaTeX Warning: Label `sub@fig:cosfireoperator' multiply defined.


LaTeX Warning: Label `eq:gStandardDeviation' multiply defined.

)
(/Users/lukeagius/Documents/Dropbox/1. Documents Repository/Education/Universit
y/5th year/Thesis/Documentation/Thesis Document/4. Final Report/Document/.texpa
dtmp/Results.aux)
(/Users/lukeagius/Documents/Dropbox/1. Documents Repository/Education/Universit
y/5th year/Thesis/Documentation/Thesis Document/4. Final Report/Document/.texpa
dtmp/Discussion.aux)
(/Users/lukeagius/Documents/Dropbox/1. Documents Repository/Education/Universit
y/5th year/Thesis/Documentation/Thesis Document/4. Final Report/Document/.texpa
dtmp/Conclusion.aux)
(/Users/lukeagius/Documents/Dropbox/1. Documents Repository/Education/Universit
y/5th year/Thesis/Documentation/Thesis Document/4. Final Report/Document/.texpa
dtmp/Appendix.aux)
(/Users/lukeagius/Documents/Dropbox/1. Documents Repository/Education/Universit
y/5th year/Thesis/Documentation/Thesis Document/4. Final Report/Document/.texpa
dtmp/Evaluation.aux))
\openout1 = `Dissertation.aux'.

LaTeX Font Info:    Checking defaults for OML/cmm/m/it on input line 73.
LaTeX Font Info:    ... okay on input line 73.
LaTeX Font Info:    Checking defaults for T1/cmr/m/n on input line 73.
LaTeX Font Info:    ... okay on input line 73.
LaTeX Font Info:    Checking defaults for OT1/cmr/m/n on input line 73.
LaTeX Font Info:    ... okay on input line 73.
LaTeX Font Info:    Checking defaults for OMS/cmsy/m/n on input line 73.
LaTeX Font Info:    ... okay on input line 73.
LaTeX Font Info:    Checking defaults for OMX/cmex/m/n on input line 73.
LaTeX Font Info:    ... okay on input line 73.
LaTeX Font Info:    Checking defaults for U/cmr/m/n on input line 73.
LaTeX Font Info:    ... okay on input line 73.
LaTeX Font Info:    Checking defaults for PD1/pdf/m/n on input line 73.
LaTeX Font Info:    ... okay on input line 73.

*geometry* driver: auto-detecting
*geometry* detected driver: pdftex
*geometry* verbose mode - [ preamble ] result:
* driver: pdftex
* paper: a4paper
* layout: <same size as paper>
* layoutoffset:(h,v)=(0.0pt,0.0pt)
* hratio: 1:1
* vratio: 1:1
* modes: includehead includefoot 
* h-part:(L,W,R)=(105.2751pt, 421.10089pt, 71.13188pt)
* v-part:(T,H,B)=(71.13188pt, 702.78308pt, 71.13188pt)
* \paperwidth=597.50787pt
* \paperheight=845.04684pt
* \textwidth=421.10089pt
* \textheight=633.8776pt
* \oddsidemargin=33.00511pt
* \evensidemargin=33.00511pt
* \topmargin=-1.1381pt
* \headheight=15.0pt
* \headsep=28.45274pt
* \topskip=12.0pt
* \footskip=28.45274pt
* \marginparwidth=35.0pt
* \marginparsep=10.0pt
* \columnsep=10.0pt
* \skip\footins=10.8pt plus 4.0pt minus 2.0pt
* \hoffset=0.0pt
* \voffset=0.0pt
* \mag=1000
* \@twocolumnfalse
* \@twosidefalse
* \@mparswitchfalse
* \@reversemarginfalse
* (1in=72.27pt=25.4mm, 1cm=28.453pt)

(/usr/local/texlive/2012/texmf-dist/tex/context/base/supp-pdf.mkii
[Loading MPS to PDF converter (version 2006.09.02).]
\scratchcounter=\count137
\scratchdimen=\dimen144
\scratchbox=\box34
\nofMPsegments=\count138
\nofMParguments=\count139
\everyMPshowfont=\toks34
\MPscratchCnt=\count140
\MPscratchDim=\dimen145
\MPnumerator=\count141
\makeMPintoPDFobject=\count142
\everyMPtoPDFconversion=\toks35
) (/usr/local/texlive/2012/texmf-dist/tex/latex/oberdiek/epstopdf-base.sty
Package: epstopdf-base 2010/02/09 v2.5 Base part for package epstopdf

(/usr/local/texlive/2012/texmf-dist/tex/latex/oberdiek/grfext.sty
Package: grfext 2010/08/19 v1.1 Manage graphics extensions (HO)
)
Package grfext Info: Graphics extension search list:
(grfext)             [.png,.pdf,.jpg,.mps,.jpeg,.jbig2,.jb2,.PNG,.PDF,.JPG,.JPE
G,.JBIG2,.JB2,.eps]
(grfext)             \AppendGraphicsExtensions on input line 452.

(/usr/local/texlive/2012/texmf-dist/tex/latex/latexconfig/epstopdf-sys.cfg
File: epstopdf-sys.cfg 2010/07/13 v1.3 Configuration of (r)epstopdf for TeX Liv
e
))
Package caption Info: Begin \AtBeginDocument code.
Package caption Info: float package is loaded.
Package caption Info: hyperref package is loaded.
Package caption Info: listings package is loaded.
Package caption Info: End \AtBeginDocument code.
\AtBeginShipoutBox=\box35
Package hyperref Info: Link coloring OFF on input line 73.

(/usr/local/texlive/2012/texmf-dist/tex/latex/hyperref/nameref.sty
Package: nameref 2010/04/30 v2.40 Cross-referencing by name of section

(/usr/local/texlive/2012/texmf-dist/tex/generic/oberdiek/gettitlestring.sty
Package: gettitlestring 2010/12/03 v1.4 Cleanup title references (HO)
)
\c@section@level=\count143
)
LaTeX Info: Redefining \ref on input line 73.
LaTeX Info: Redefining \pageref on input line 73.
LaTeX Info: Redefining \nameref on input line 73.

(/Users/lukeagius/Documents/Dropbox/1. Documents Repository/Education/Universit
y/5th year/Thesis/Documentation/Thesis Document/4. Final Report/Document/.texpa
dtmp/Dissertation.out)
(/Users/lukeagius/Documents/Dropbox/1. Documents Repository/Education/Universit
y/5th year/Thesis/Documentation/Thesis Document/4. Final Report/Document/.texpa
dtmp/Dissertation.out)
\@outlinefile=\write3
\openout3 = `Dissertation.out'.

\c@lstlisting=\count144
\openout2 = `Titlepage.aux'.

 (./Titlepage.tex)

./Dissertation.tex:83: LaTeX Error: There's no line here to end.

See the LaTeX manual or LaTeX Companion for explanation.
Type  H <return>  for immediate help.
 ...                                              
                                                  
l.83 
     
Your command was ignored.
Type  I <command> <return>  to replace it with another command,
or  <return>  to continue without it.

<crest_Small.pdf, id=321, 200.75pt x 260.975pt>
File: crest_Small.pdf Graphic file (type pdf)
 <use crest_Small.pdf>
Package pdftex.def Info: crest_Small.pdf used on input line 83.
(pdftex.def)             Requested size: 65.65956pt x 85.35826pt.
LaTeX Font Info:    Try loading font information for U+msa on input line 83.

(/usr/local/texlive/2012/texmf-dist/tex/latex/amsfonts/umsa.fd
File: umsa.fd 2009/06/22 v3.00 AMS symbols A
)
LaTeX Font Info:    Try loading font information for U+msb on input line 83.

(/usr/local/texlive/2012/texmf-dist/tex/latex/amsfonts/umsb.fd
File: umsb.fd 2009/06/22 v3.00 AMS symbols B
)
./Dissertation.tex:83: Undefined control sequence.
\HyOrg@maketitle ...vspace *{30\p@ } \@department 
                                                  \vspace *{30\p@ } \par Uni...
l.83 
     
The control sequence at the end of the top line
of your error message was never \def'ed. If you have
misspelled it (e.g., `\hobx'), type `I' and the correct
spelling (e.g., `I\hbox'). Otherwise just continue,
and I'll forget about whatever was undefined.

[1



{/usr/local/texlive/2012/texmf-var/fonts/map/pdftex/updmap/pdftex.map} <./crest
_Small.pdf>]
\openout2 = `Acknowledgments.aux'.

 (./Acknowledgments.tex
Underfull \hbox (badness 10000) in paragraph at lines 3--4

 []


Underfull \hbox (badness 10000) in paragraph at lines 5--6

 []


Underfull \hbox (badness 10000) in paragraph at lines 7--8

 []


Underfull \hbox (badness 10000) in paragraph at lines 9--10

 []

) [2


]
\openout2 = `TableOfContents.aux'.

 (./TableOfContents.tex
(/Users/lukeagius/Documents/Dropbox/1. Documents Repository/Education/Universit
y/5th year/Thesis/Documentation/Thesis Document/4. Final Report/Document/.texpa
dtmp/Dissertation.toc [3




] [4])
\tf@toc=\write4
\openout4 = `Dissertation.toc'.

 [5]
(/Users/lukeagius/Documents/Dropbox/1. Documents Repository/Education/Universit
y/5th year/Thesis/Documentation/Thesis Document/4. Final Report/Document/.texpa
dtmp/Dissertation.lof [6


])
\tf@lof=\write5
\openout5 = `Dissertation.lof'.

 [7]
(/Users/lukeagius/Documents/Dropbox/1. Documents Repository/Education/Universit
y/5th year/Thesis/Documentation/Thesis Document/4. Final Report/Document/.texpa
dtmp/Dissertation.lot)
\tf@lot=\write6
\openout6 = `Dissertation.lot'.

) [8


]
\openout2 = `Summary.aux'.

 (./Summary.tex
Chapter 1.

Underfull \hbox (badness 10000) in alignment at lines 1--1
[]
 []


Underfull \hbox (badness 10000) in paragraph at lines 3--4

 []


Underfull \hbox (badness 10000) in paragraph at lines 5--6

 []


Underfull \hbox (badness 10000) in paragraph at lines 7--8

 []


Underfull \hbox (badness 10000) in paragraph at lines 9--10

 []

[1




]) [2]
\openout2 = `introduction.aux'.

 (./introduction.tex
Chapter 2.

Underfull \hbox (badness 10000) in alignment at lines 1--1
[]
 []


Underfull \hbox (badness 10000) in paragraph at lines 7--8

 []


Underfull \hbox (badness 10000) in paragraph at lines 9--10

 []


Underfull \hbox (badness 10000) in paragraph at lines 11--12

 []


Underfull \hbox (badness 10000) in paragraph at lines 13--14

 []

[3



]
Underfull \hbox (badness 10000) in paragraph at lines 15--16

 []

[4] <figures/introduction/capture.png, id=609, 699.36281pt x 465.99094pt>
File: figures/introduction/capture.png Graphic file (type png)

<use figures/introduction/capture.png>
Package pdftex.def Info: figures/introduction/capture.png used on input line 39
.
(pdftex.def)             Requested size: 699.3611pt x 465.98979pt.
 [5]
Underfull \hbox (badness 10000) in paragraph at lines 44--45

 []

[6 <./figures/introduction/capture.png>]
Underfull \hbox (badness 10000) in paragraph at lines 49--50

 []


Underfull \hbox (badness 10000) in paragraph at lines 51--53

 []


Underfull \hbox (badness 10000) in paragraph at lines 54--56

 []


Underfull \hbox (badness 10000) in paragraph at lines 57--58

 []

[7]
Underfull \hbox (badness 10000) in paragraph at lines 59--61

 []


Underfull \hbox (badness 10000) in paragraph at lines 63--65

 []

) [8]
\openout2 = `LitreatureReview.aux'.

 (./LitreatureReview.tex
Chapter 3.

Underfull \hbox (badness 10000) in alignment at lines 1--1
[]
 []


Underfull \hbox (badness 10000) in paragraph at lines 7--8

 []


Underfull \hbox (badness 10000) in paragraph at lines 9--10

 []


Underfull \hbox (badness 10000) in paragraph at lines 11--12

 []


Underfull \hbox (badness 10000) in paragraph at lines 14--15

 []

[9



]
Underfull \hbox (badness 10000) in paragraph at lines 19--21

 []


Underfull \hbox (badness 10000) in paragraph at lines 22--23

 []

<figures/introduction/electricalsymbol.jpg, id=652, 513.92pt x 513.92pt>
File: figures/introduction/electricalsymbol.jpg Graphic file (type jpg)

<use figures/introduction/electricalsymbol.jpg>
Package pdftex.def Info: figures/introduction/electricalsymbol.jpg used on inpu
t line 28.
(pdftex.def)             Requested size: 84.21889pt x 84.21284pt.

<figures/introduction/logosymbol.jpg, id=653, 273.6624pt x 267.8808pt>
File: figures/introduction/logosymbol.jpg Graphic file (type jpg)

<use figures/introduction/logosymbol.jpg>
Package pdftex.def Info: figures/introduction/logosymbol.jpg used on input line
 34.
(pdftex.def)             Requested size: 84.21889pt x 82.43723pt.
 [10 <./figures/introduction/electricalsymbol.jpg> <./figures/introduction/logo
symbol.jpg>]
Underfull \hbox (badness 10000) in paragraph at lines 50--51

 []

<figures/LitreatureReview/schematic.png, id=666, 500.87125pt x 449.68pt>
File: figures/LitreatureReview/schematic.png Graphic file (type png)

<use figures/LitreatureReview/schematic.png>
Package pdftex.def Info: figures/LitreatureReview/schematic.png used on input l
ine 56.
(pdftex.def)             Requested size: 168.43777pt x 151.22182pt.

<figures/LitreatureReview/map2.png, id=667, 500.87125pt x 449.68pt>
File: figures/LitreatureReview/map2.png Graphic file (type png)

<use figures/LitreatureReview/map2.png>
Package pdftex.def Info: figures/LitreatureReview/map2.png used on input line 6
2.
(pdftex.def)             Requested size: 168.43777pt x 151.22182pt.

<figures/LitreatureReview/score2.png, id=668, 597.30112pt x 328.53416pt>
File: figures/LitreatureReview/score2.png Graphic file (type png)

<use figures/LitreatureReview/score2.png>
Package pdftex.def Info: figures/LitreatureReview/score2.png used on input line
 68.
(pdftex.def)             Requested size: 168.43777pt x 92.64563pt.

Underfull \hbox (badness 10000) in paragraph at lines 84--85

 []

[11 <./figures/LitreatureReview/schematic.png> <./figures/LitreatureReview/map2
.png> <./figures/LitreatureReview/score2.png (PNG copy)>]
Underfull \hbox (badness 10000) in paragraph at lines 86--88

 []


Underfull \hbox (badness 10000) in paragraph at lines 89--90

 []


Underfull \hbox (badness 10000) in paragraph at lines 91--92

 []

[12]
Underfull \hbox (badness 10000) in paragraph at lines 93--94

 []


Underfull \hbox (badness 10000) in paragraph at lines 95--96

 []


Underfull \hbox (badness 10000) in paragraph at lines 101--102

 []


Underfull \hbox (badness 10000) in paragraph at lines 103--104

 []

[13]
Underfull \hbox (badness 10000) in paragraph at lines 105--106

 []


Underfull \hbox (badness 10000) in paragraph at lines 107--108

 []


Underfull \hbox (badness 10000) in paragraph at lines 109--110

 []

[14]
Underfull \hbox (badness 10000) in paragraph at lines 111--112

 []


Underfull \hbox (badness 10000) in paragraph at lines 113--114

 []


Underfull \hbox (badness 10000) in paragraph at lines 118--119

 []


Underfull \hbox (badness 10000) in paragraph at lines 120--121

 []

[15]
Underfull \hbox (badness 10000) in paragraph at lines 122--123

 []


Underfull \hbox (badness 10000) in paragraph at lines 124--125

 []

[16]
Underfull \hbox (badness 10000) in paragraph at lines 142--143

 []


Underfull \hbox (badness 10000) in paragraph at lines 144--145

 []

[17] <figures/LitreatureReview/noises.png, id=783, 730.73pt x 407.5225pt>
File: figures/LitreatureReview/noises.png Graphic file (type png)

<use figures/LitreatureReview/noises.png>
Package pdftex.def Info: figures/LitreatureReview/noises.png used on input line
 150.
(pdftex.def)             Requested size: 210.55045pt x 117.41986pt.

Underfull \hbox (badness 10000) in paragraph at lines 165--166

 []

[18 <./figures/LitreatureReview/noises.png>]
Missing character: There is no ï in font cmr12!
Missing character: There is no ¿ in font cmr12!
Missing character: There is no ¼ in font cmr12!
Missing character: There is no ï in font cmr12!
Missing character: There is no ¿ in font cmr12!
Missing character: There is no ¼ in font cmr12!

Underfull \hbox (badness 10000) in paragraph at lines 202--203

 []


Underfull \hbox (badness 10000) in paragraph at lines 204--205

 []

[19]
Underfull \hbox (badness 10000) in paragraph at lines 208--209

 []


Underfull \hbox (badness 10000) in paragraph at lines 210--211

 []


Underfull \hbox (badness 10000) in paragraph at lines 212--213

 []


Underfull \hbox (badness 10000) in paragraph at lines 214--215

 []

[20] <figures/LitreatureReview/similiar.png, id=832, 303.1325pt x 151.56625pt>
File: figures/LitreatureReview/similiar.png Graphic file (type png)

<use figures/LitreatureReview/similiar.png>
Package pdftex.def Info: figures/LitreatureReview/similiar.png used on input li
ne 221.
(pdftex.def)             Requested size: 84.21889pt x 42.10985pt.

Underfull \hbox (badness 10000) in paragraph at lines 234--235

 []

[21 <./figures/LitreatureReview/similiar.png (PNG copy)>]
<figures/LitreatureReview/fish.png, id=844, 758.835pt x 264.99pt>
File: figures/LitreatureReview/fish.png Graphic file (type png)

<use figures/LitreatureReview/fish.png>
Package pdftex.def Info: figures/LitreatureReview/fish.png used on input line 2
38.
(pdftex.def)             Requested size: 378.98822pt x 132.34506pt.

Underfull \hbox (badness 10000) in paragraph at lines 243--244

 []

<figures/LitreatureReview/letter.png, id=847, 229.85875pt x 296.10625pt>
File: figures/LitreatureReview/letter.png Graphic file (type png)

<use figures/LitreatureReview/letter.png>
Package pdftex.def Info: figures/LitreatureReview/letter.png used on input line
 249.
(pdftex.def)             Requested size: 90.95886pt x 117.1753pt.

<figures/LitreatureReview/letterpoints.png, id=848, 429.605pt x 483.8075pt>
File: figures/LitreatureReview/letterpoints.png Graphic file (type png)

<use figures/LitreatureReview/letterpoints.png>
Package pdftex.def Info: figures/LitreatureReview/letterpoints.png used on inpu
t line 254.
(pdftex.def)             Requested size: 106.11713pt x 119.50464pt.

Underfull \hbox (badness 10000) in paragraph at lines 261--262

 []

[22 <./figures/LitreatureReview/fish.png (PNG copy)> <./figures/LitreatureRevie
w/letter.png (PNG copy)> <./figures/LitreatureReview/letterpoints.png (PNG copy
)>] <figures/LitreatureReview/lettera.png, id=857, 151.56625pt x 171.64125pt>
File: figures/LitreatureReview/lettera.png Graphic file (type png)

<use figures/LitreatureReview/lettera.png>
Package pdftex.def Info: figures/LitreatureReview/lettera.png used on input lin
e 267.
(pdftex.def)             Requested size: 106.11713pt x 120.17422pt.

<figures/LitreatureReview/letterb.png, id=858, 153.57375pt x 179.67125pt>
File: figures/LitreatureReview/letterb.png Graphic file (type png)

<use figures/LitreatureReview/letterb.png>
Package pdftex.def Info: figures/LitreatureReview/letterb.png used on input lin
e 273.
(pdftex.def)             Requested size: 106.11713pt x 124.15147pt.

Underfull \hbox (badness 10000) in paragraph at lines 281--282

 []

<figures/LitreatureReview/responsea.png, id=862, 234.8775pt x 181.67876pt>
File: figures/LitreatureReview/responsea.png Graphic file (type png)

<use figures/LitreatureReview/responsea.png>
Package pdftex.def Info: figures/LitreatureReview/responsea.png used on input l
ine 287.
(pdftex.def)             Requested size: 106.11713pt x 82.08179pt.

<figures/LitreatureReview/responseb.png, id=863, 234.8775pt x 181.67876pt>
File: figures/LitreatureReview/responseb.png Graphic file (type png)

<use figures/LitreatureReview/responseb.png>
Package pdftex.def Info: figures/LitreatureReview/responseb.png used on input l
ine 292.
(pdftex.def)             Requested size: 106.11713pt x 82.08179pt.
 [23 <./figures/LitreatureReview/lettera.png> <./figures/LitreatureReview/lette
rb.png> <./figures/LitreatureReview/responsea.png (PNG copy)> <./figures/Litrea
tureReview/responseb.png (PNG copy)>] <figures/LitreatureReview/contextResult.p
ng, id=878, 132.495pt x 152.57pt>
File: figures/LitreatureReview/contextResult.png Graphic file (type png)

<use figures/LitreatureReview/contextResult.png>
Package pdftex.def Info: figures/LitreatureReview/contextResult.png used on inp
ut line 305.
(pdftex.def)             Requested size: 126.33154pt x 145.47379pt.

Underfull \hbox (badness 10000) in paragraph at lines 310--311

 []


Underfull \hbox (badness 10000) in paragraph at lines 312--313

 []


Underfull \hbox (badness 10000) in paragraph at lines 314--315

 []

[24 <./figures/LitreatureReview/contextResult.png (PNG copy)>]
Underfull \hbox (badness 10000) in paragraph at lines 316--317

 []


Underfull \hbox (badness 10000) in paragraph at lines 318--319

 []


Underfull \hbox (badness 10000) in paragraph at lines 320--321

 []

<figures/LitreatureReview/heightfunc.png, id=889, 417.56pt x 342.27875pt>
File: figures/LitreatureReview/heightfunc.png Graphic file (type png)

<use figures/LitreatureReview/heightfunc.png>
Package pdftex.def Info: figures/LitreatureReview/heightfunc.png used on input 
line 324.
(pdftex.def)             Requested size: 294.76933pt x 241.6408pt.


LaTeX Warning: `h' float specifier changed to `ht'.


Underfull \hbox (badness 10000) in paragraph at lines 329--330

 []

[25] [26 <./figures/LitreatureReview/heightfunc.png (PNG copy)>]
<figures/LitreatureReview/GaborFunction.png, id=918, 201.00093pt x 150.5625pt>
File: figures/LitreatureReview/GaborFunction.png Graphic file (type png)

<use figures/LitreatureReview/GaborFunction.png>
Package pdftex.def Info: figures/LitreatureReview/GaborFunction.png used on inp
ut line 343.
(pdftex.def)             Requested size: 126.33154pt x 94.62971pt.

<figures/LitreatureReview/GaussianFunction.png, id=919, 201.00093pt x 150.5625p
t>
File: figures/LitreatureReview/GaussianFunction.png Graphic file (type png)
 <use figures/LitreatureReview/GaussianFunction.png>
Package pdftex.def Info: figures/LitreatureReview/GaussianFunction.png used on 
input line 349.
(pdftex.def)             Requested size: 126.33154pt x 94.62971pt.

<figures/LitreatureReview/CosineFunction.png, id=920, 201.00093pt x 150.5625pt>
File: figures/LitreatureReview/CosineFunction.png Graphic file (type png)
<use figures/LitreatureReview/CosineFunction.png>
Package pdftex.def Info: figures/LitreatureReview/CosineFunction.png used on in
put line 355.
(pdftex.def)             Requested size: 126.33154pt x 94.62971pt.

<figures/LitreatureReview/GaborFunction2D.png, id=921, 201.00093pt x 150.5625pt
>
File: figures/LitreatureReview/GaborFunction2D.png Graphic file (type png)
 <use figures/LitreatureReview/GaborFunction2D.png>
Package pdftex.def Info: figures/LitreatureReview/GaborFunction2D.png used on i
nput line 367.
(pdftex.def)             Requested size: 126.33154pt x 94.62971pt.

<figures/LitreatureReview/GaussianFunction2D.png, id=922, 201.00093pt x 150.562
5pt>
File: figures/LitreatureReview/GaussianFunction2D.png Graphic file (type png)
 <use figures/LitreatureReview/GaussianFunction2D.png>
Package pdftex.def Info: figures/LitreatureReview/GaussianFunction2D.png used o
n input line 373.
(pdftex.def)             Requested size: 126.33154pt x 94.62971pt.

<figures/LitreatureReview/CosineFunction2D.png, id=923, 201.00093pt x 150.5625p
t>
File: figures/LitreatureReview/CosineFunction2D.png Graphic file (type png)
 <use figures/LitreatureReview/CosineFunction2D.png>
Package pdftex.def Info: figures/LitreatureReview/CosineFunction2D.png used on 
input line 379.
(pdftex.def)             Requested size: 126.33154pt x 94.62971pt.


LaTeX Warning: `h' float specifier changed to `ht'.

Missing character: There is no â in font cmr12!
Missing character: There is no € in font cmr12!
Missing character: There is no ™ in font cmr12!

Underfull \hbox (badness 10000) in paragraph at lines 387--388

 []

[27 <./figures/LitreatureReview/GaborFunction.png> <./figures/LitreatureReview/
GaussianFunction.png> <./figures/LitreatureReview/CosineFunction.png>]
Missing character: There is no â in font cmr12!
Missing character: There is no € in font cmr12!
Missing character: There is no ™ in font cmr12!

<figures/LitreatureReview/CatReceptiveFields.png, id=938, 561.09625pt x 261.978
74pt>
File: figures/LitreatureReview/CatReceptiveFields.png Graphic file (type png)
 <use figures/LitreatureReview/CatReceptiveFields.png>
Package pdftex.def Info: figures/LitreatureReview/CatReceptiveFields.png used o
n input line 395.
(pdftex.def)             Requested size: 421.10089pt x 196.6115pt.
Missing character: There is no â in font cmr12!
Missing character: There is no € in font cmr12!
Missing character: There is no ™ in font cmr12!
Missing character: There is no â in font cmr12!
Missing character: There is no € in font cmr12!
Missing character: There is no ™ in font cmr12!
) [28 <./figures/LitreatureReview/GaborFunction2D.png> <./figures/LitreatureRev
iew/GaussianFunction2D.png> <./figures/LitreatureReview/CosineFunction2D.png> <
./figures/LitreatureReview/CatReceptiveFields.png (PNG copy)>]
\openout2 = `Methods.aux'.

 (./Methods.tex
Chapter 4.

Underfull \hbox (badness 10000) in alignment at lines 1--1
[]
 []


Underfull \hbox (badness 10000) in paragraph at lines 12--13

 []


Underfull \hbox (badness 10000) in paragraph at lines 14--15

 []

[29



]
Underfull \hbox (badness 10000) in paragraph at lines 22--23

 []

<figures/Method/ModelPointOfInterest.png, id=960, 513.92pt x 513.92pt>
File: figures/Method/ModelPointOfInterest.png Graphic file (type png)

<use figures/Method/ModelPointOfInterest.png>
Package pdftex.def Info: figures/Method/ModelPointOfInterest.png used on input 
line 28.
(pdftex.def)             Requested size: 90.95886pt x 90.95677pt.

<figures/Method/DominantOrientationsAroundPointOfInterest.png, id=961, 513.92pt
 x 513.92pt>
File: figures/Method/DominantOrientationsAroundPointOfInterest.png Graphic file
 (type png)

<use figures/Method/DominantOrientationsAroundPointOfInterest.png>
Package pdftex.def Info: figures/Method/DominantOrientationsAroundPointOfIntere
st.png used on input line 34.
(pdftex.def)             Requested size: 90.95886pt x 90.95677pt.
 [30 <./figures/Method/ModelPointOfInterest.png> <./figures/Method/DominantOrie
ntationsAroundPointOfInterest.png>]
Underfull \hbox (badness 10000) in paragraph at lines 64--65

 []

[31]
Underfull \hbox (badness 10000) in paragraph at lines 66--67

 []

<figures/Method/ModelSymbol1.png, id=976, 513.92pt x 513.92pt>
File: figures/Method/ModelSymbol1.png Graphic file (type png)

<use figures/Method/ModelSymbol1.png>
Package pdftex.def Info: figures/Method/ModelSymbol1.png used on input line 72.

(pdftex.def)             Requested size: 101.06561pt x 101.06482pt.

<figures/Method/gabor_15_95.png, id=977, 513.92pt x 513.92pt>
File: figures/Method/gabor_15_95.png Graphic file (type png)

<use figures/Method/gabor_15_95.png>
Package pdftex.def Info: figures/Method/gabor_15_95.png used on input line 78.
(pdftex.def)             Requested size: 101.06561pt x 101.06482pt.

<figures/Method/gabor1_15_160.png, id=978, 513.92pt x 513.92pt>
File: figures/Method/gabor1_15_160.png Graphic file (type png)

<use figures/Method/gabor1_15_160.png>
Package pdftex.def Info: figures/Method/gabor1_15_160.png used on input line 84
.
(pdftex.def)             Requested size: 101.06561pt x 101.06482pt.

Underfull \hbox (badness 10000) in paragraph at lines 93--94

 []


Underfull \hbox (badness 10000) in paragraph at lines 98--99

 []

[32 <./figures/Method/ModelSymbol1.png> <./figures/Method/gabor_15_95.png (PNG 
copy)> <./figures/Method/gabor1_15_160.png (PNG copy)>]
Underfull \hbox (badness 10000) in paragraph at lines 100--101

 []

File: figures/Method/ModelPointOfInterest.png Graphic file (type png)
<use figures/Method/ModelPointOfInterest.png>
Package pdftex.def Info: figures/Method/ModelPointOfInterest.png used on input 
line 106.
(pdftex.def)             Requested size: 101.06561pt x 101.06482pt.

<figures/Method/actualConfiguration.jpg, id=983, 513.92pt x 513.92pt>
File: figures/Method/actualConfiguration.jpg Graphic file (type jpg)

<use figures/Method/actualConfiguration.jpg>
Package pdftex.def Info: figures/Method/actualConfiguration.jpg used on input l
ine 112.
(pdftex.def)             Requested size: 101.06561pt x 101.06482pt.

Underfull \hbox (badness 10000) in paragraph at lines 121--123

 []

[33 <./figures/Method/actualConfiguration.jpg>]
File: figures/Method/ModelPointOfInterest.png Graphic file (type png)

<use figures/Method/ModelPointOfInterest.png>
Package pdftex.def Info: figures/Method/ModelPointOfInterest.png used on input 
line 130.
(pdftex.def)             Requested size: 101.06561pt x 101.06482pt.

<figures/Method/COSFIREOPerator.png, id=991, 562.1pt x 420.57124pt>
File: figures/Method/COSFIREOPerator.png Graphic file (type png)

<use figures/Method/COSFIREOPerator.png>
Package pdftex.def Info: figures/Method/COSFIREOPerator.png used on input line 
136.
(pdftex.def)             Requested size: 101.06561pt x 75.61612pt.

Underfull \hbox (badness 10000) in paragraph at lines 154--155

 []

[34 <./figures/Method/COSFIREOPerator.png (PNG copy)>]
Underfull \hbox (badness 10000) in paragraph at lines 161--162

 []

[35]
Missing character: There is no ï in font cmr12!
Missing character: There is no ¿ in font cmr12!
Missing character: There is no ¼ in font cmr12!
Missing character: There is no ï in font cmr12!
Missing character: There is no ¿ in font cmr12!
Missing character: There is no ¼ in font cmr12!
 [36] <figures/Method/image04.png, id=1022, 256.96pt x 256.96pt>
File: figures/Method/image04.png Graphic file (type png)

<use figures/Method/image04.png>
Package pdftex.def Info: figures/Method/image04.png used on input line 213.
(pdftex.def)             Requested size: 101.06561pt x 101.06482pt.

<figures/Method/untitled.png, id=1023, 128.48pt x 128.48pt>
File: figures/Method/untitled.png Graphic file (type png)

<use figures/Method/untitled.png>
Package pdftex.def Info: figures/Method/untitled.png used on input line 219.
(pdftex.def)             Requested size: 101.06561pt x 101.06677pt.


LaTeX Warning: `h' float specifier changed to `ht'.

[37] <figures/Method/image11.png, id=1033, 256.96pt x 256.96pt>
File: figures/Method/image11.png Graphic file (type png)

<use figures/Method/image11.png>
Package pdftex.def Info: figures/Method/image11.png used on input line 237.
(pdftex.def)             Requested size: 101.06561pt x 101.06482pt.

<figures/Method/image11Dilate.png, id=1034, 128.48pt x 128.48pt>
File: figures/Method/image11Dilate.png Graphic file (type png)

<use figures/Method/image11Dilate.png>
Package pdftex.def Info: figures/Method/image11Dilate.png used on input line 24
3.
(pdftex.def)             Requested size: 101.06561pt x 101.06677pt.
 [38 <./figures/Method/image04.png> <./figures/Method/untitled.png> <./figures/
Method/image11.png> <./figures/Method/image11Dilate.png>] <figures/Method/image
03.png, id=1047, 256.96pt x 256.96pt>
File: figures/Method/image03.png Graphic file (type png)

<use figures/Method/image03.png>
Package pdftex.def Info: figures/Method/image03.png used on input line 258.
(pdftex.def)             Requested size: 101.06561pt x 101.06482pt.

<figures/Method/image03Thinning.png, id=1048, 128.48pt x 128.48pt>
File: figures/Method/image03Thinning.png Graphic file (type png)

<use figures/Method/image03Thinning.png>
Package pdftex.def Info: figures/Method/image03Thinning.png used on input line 
264.
(pdftex.def)             Requested size: 101.06561pt x 101.06677pt.

Underfull \hbox (badness 10000) in paragraph at lines 275--276

 []

[39 <./figures/Method/image03.png> <./figures/Method/image03Thinning.png>]
File: figures/Method/ModelSymbol1.png Graphic file (type png)

<use figures/Method/ModelSymbol1.png>
Package pdftex.def Info: figures/Method/ModelSymbol1.png used on input line 283
.
(pdftex.def)             Requested size: 101.06561pt x 101.06482pt.

<figures/Method/ModelRhoConfiguration.png, id=1057, 513.92pt x 513.92pt>
File: figures/Method/ModelRhoConfiguration.png Graphic file (type png)

<use figures/Method/ModelRhoConfiguration.png>
Package pdftex.def Info: figures/Method/ModelRhoConfiguration.png used on input
 line 289.
(pdftex.def)             Requested size: 101.06561pt x 101.06482pt.

Underfull \hbox (badness 10000) in paragraph at lines 297--298

 []


Underfull \hbox (badness 10000) in paragraph at lines 299--300

 []

<figures/Method/ShapeDescriptor2.png, id=1059, 803.0pt x 602.25pt>
File: figures/Method/ShapeDescriptor2.png Graphic file (type png)

<use figures/Method/ShapeDescriptor2.png>
Package pdftex.def Info: figures/Method/ShapeDescriptor2.png used on input line
 303.
(pdftex.def)             Requested size: 422.5983pt x 316.9388pt.

Overfull \hbox (1.4974pt too wide) in paragraph at lines 303--305
 [][] 
 []


LaTeX Warning: `h' float specifier changed to `ht'.


Underfull \hbox (badness 10000) in paragraph at lines 309--310

 []

[40 <./figures/Method/ModelRhoConfiguration.png>]
<figures/Method/ModelSymbol2.png, id=1066, 513.92pt x 513.92pt>
File: figures/Method/ModelSymbol2.png Graphic file (type png)

<use figures/Method/ModelSymbol2.png>
Package pdftex.def Info: figures/Method/ModelSymbol2.png used on input line 315
.
(pdftex.def)             Requested size: 75.79968pt x 75.79861pt.

<figures/Method/CosfireOperatorSinglePointApproachError.png, id=1067, 513.92pt 
x 513.92pt>
File: figures/Method/CosfireOperatorSinglePointApproachError.png Graphic file (
type png)
 <use figures/Method/CosfireOperatorSinglePointApproachError.png>
Package pdftex.def Info: figures/Method/CosfireOperatorSinglePointApproachError
.png used on input line 321.
(pdftex.def)             Requested size: 75.79968pt x 75.79861pt.


LaTeX Warning: `h' float specifier changed to `ht'.

[41 <./figures/Method/ShapeDescriptor2.png>]
<figures/Method/ModelSymbol2_2.png, id=1076, 803.0pt x 803.0pt>
File: figures/Method/ModelSymbol2_2.png Graphic file (type png)

<use figures/Method/ModelSymbol2_2.png>
Package pdftex.def Info: figures/Method/ModelSymbol2_2.png used on input line 3
35.
(pdftex.def)             Requested size: 134.75073pt x 134.74379pt.

<figures/Method/CosfireOperatorThreePointApproach.png, id=1077, 803.0pt x 803.0
pt>
File: figures/Method/CosfireOperatorThreePointApproach.png Graphic file (type p
ng)
 <use figures/Method/CosfireOperatorThreePointApproach.png>
Package pdftex.def Info: figures/Method/CosfireOperatorThreePointApproach.png u
sed on input line 341.
(pdftex.def)             Requested size: 134.75073pt x 134.74379pt.

Underfull \hbox (badness 10000) in paragraph at lines 349--350

 []

[42 <./figures/Method/ModelSymbol2.png> <./figures/Method/CosfireOperatorSingle
PointApproachError.png> <./figures/Method/ModelSymbol2_2.png (PNG copy)> <./fig
ures/Method/CosfireOperatorThreePointApproach.png>]
Underfull \hbox (badness 10000) in paragraph at lines 363--364

 []

[43]
Underfull \hbox (badness 10000) in paragraph at lines 374--375

 []

[44] <figures/Method/knn.jpg, id=1108, 367.3725pt x 368.37625pt>
File: figures/Method/knn.jpg Graphic file (type jpg)

<use figures/Method/knn.jpg>
Package pdftex.def Info: figures/Method/knn.jpg used on input line 387.
(pdftex.def)             Requested size: 158.03435pt x 158.46939pt.
 [45 <./figures/Method/knn.jpg>]
<figures/Method/workflow3.png, id=1120, 374.39874pt x 438.63875pt>
File: figures/Method/workflow3.png Graphic file (type png)

<use figures/Method/workflow3.png>
Package pdftex.def Info: figures/Method/workflow3.png used on input line 400.
(pdftex.def)             Requested size: 336.88199pt x 394.70428pt.
) [46] [47 <./figures/Method/workflow3.png (PNG copy)>]
\openout2 = `Results.aux'.

 (./Results.tex
Chapter 5.

Underfull \hbox (badness 10000) in alignment at lines 1--1
[]
 []


Underfull \hbox (badness 10000) in paragraph at lines 3--4

 []

<figures/Results/Sketches25f/Model.png, id=1131, 385.44pt x 385.44pt>
File: figures/Results/Sketches25f/Model.png Graphic file (type png)

<use figures/Results/Sketches25f/Model.png>
Package pdftex.def Info: figures/Results/Sketches25f/Model.png used on input li
ne 13.
(pdftex.def)             Requested size: 61.47942pt x 61.47757pt.

<figures/Results/Sketches25f/level1.png, id=1132, 385.44pt x 385.44pt>
File: figures/Results/Sketches25f/level1.png Graphic file (type png)

<use figures/Results/Sketches25f/level1.png>
Package pdftex.def Info: figures/Results/Sketches25f/level1.png used on input l
ine 18.
(pdftex.def)             Requested size: 94.74706pt x 94.74239pt.

<figures/Results/Sketches25f/level2.png, id=1133, 385.44pt x 385.44pt>
File: figures/Results/Sketches25f/level2.png Graphic file (type png)

<use figures/Results/Sketches25f/level2.png>
Package pdftex.def Info: figures/Results/Sketches25f/level2.png used on input l
ine 23.
(pdftex.def)             Requested size: 94.74706pt x 94.74239pt.

<figures/Results/Sketches25f/level3.png, id=1134, 385.44pt x 385.44pt>
File: figures/Results/Sketches25f/level3.png Graphic file (type png)

<use figures/Results/Sketches25f/level3.png>
Package pdftex.def Info: figures/Results/Sketches25f/level3.png used on input l
ine 28.
(pdftex.def)             Requested size: 94.74706pt x 94.74239pt.


LaTeX Warning: `h' float specifier changed to `ht'.

[48



] [49 <./figures/Results/Sketches25f/Model.png> <./figures/Results/Sketches25f/
level1.png (PNG copy)> <./figures/Results/Sketches25f/level2.png (PNG copy)> <.
/figures/Results/Sketches25f/level3.png (PNG copy)>]
<figures/Results/Sketches25/Model.png, id=1145, 513.92pt x 513.92pt>
File: figures/Results/Sketches25/Model.png Graphic file (type png)

<use figures/Results/Sketches25/Model.png>
Package pdftex.def Info: figures/Results/Sketches25/Model.png used on input lin
e 62.
(pdftex.def)             Requested size: 61.47942pt x 61.47168pt.

<figures/Results/Sketches25/level1.png, id=1146, 385.44pt x 385.44pt>
File: figures/Results/Sketches25/level1.png Graphic file (type png)

<use figures/Results/Sketches25/level1.png>
Package pdftex.def Info: figures/Results/Sketches25/level1.png used on input li
ne 67.
(pdftex.def)             Requested size: 94.74706pt x 94.74239pt.

<figures/Results/Sketches25/level2.png, id=1147, 385.44pt x 385.44pt>
File: figures/Results/Sketches25/level2.png Graphic file (type png)

<use figures/Results/Sketches25/level2.png>
Package pdftex.def Info: figures/Results/Sketches25/level2.png used on input li
ne 72.
(pdftex.def)             Requested size: 94.74706pt x 94.74239pt.

<figures/Results/Sketches25/level3.png, id=1148, 385.44pt x 385.44pt>
File: figures/Results/Sketches25/level3.png Graphic file (type png)

<use figures/Results/Sketches25/level3.png>
Package pdftex.def Info: figures/Results/Sketches25/level3.png used on input li
ne 77.
(pdftex.def)             Requested size: 94.74706pt x 94.74239pt.
 [50 <./figures/Results/Sketches25/Model.png> <./figures/Results/Sketches25/lev
el1.png (PNG copy)> <./figures/Results/Sketches25/level2.png (PNG copy)> <./fig
ures/Results/Sketches25/level3.png (PNG copy)>]
<figures/Results/Sketches50f/Model.png, id=1155, 385.44pt x 385.44pt>
File: figures/Results/Sketches50f/Model.png Graphic file (type png)

<use figures/Results/Sketches50f/Model.png>
Package pdftex.def Info: figures/Results/Sketches50f/Model.png used on input li
ne 108.
(pdftex.def)             Requested size: 61.47942pt x 61.47757pt.

<figures/Results/Sketches50f/level1.png, id=1156, 385.44pt x 385.44pt>
File: figures/Results/Sketches50f/level1.png Graphic file (type png)

<use figures/Results/Sketches50f/level1.png>
Package pdftex.def Info: figures/Results/Sketches50f/level1.png used on input l
ine 113.
(pdftex.def)             Requested size: 94.74706pt x 94.74239pt.

<figures/Results/Sketches50f/level2.png, id=1157, 385.44pt x 385.44pt>
File: figures/Results/Sketches50f/level2.png Graphic file (type png)

<use figures/Results/Sketches50f/level2.png>
Package pdftex.def Info: figures/Results/Sketches50f/level2.png used on input l
ine 118.
(pdftex.def)             Requested size: 94.74706pt x 94.74239pt.

<figures/Results/Sketches50f/level3.png, id=1158, 385.44pt x 385.44pt>
File: figures/Results/Sketches50f/level3.png Graphic file (type png)

<use figures/Results/Sketches50f/level3.png>
Package pdftex.def Info: figures/Results/Sketches50f/level3.png used on input l
ine 123.
(pdftex.def)             Requested size: 94.74706pt x 94.74239pt.
 [51 <./figures/Results/Sketches50f/Model.png> <./figures/Results/Sketches50f/l
evel1.png (PNG copy)> <./figures/Results/Sketches50f/level2.png (PNG copy)> <./
figures/Results/Sketches50f/level3.png (PNG copy)>]
<figures/Results/Sketches50/Model.png, id=1165, 385.44pt x 385.44pt>
File: figures/Results/Sketches50/Model.png Graphic file (type png)

<use figures/Results/Sketches50/Model.png>
Package pdftex.def Info: figures/Results/Sketches50/Model.png used on input lin
e 154.
(pdftex.def)             Requested size: 61.47942pt x 61.47757pt.

<figures/Results/Sketches50/level1.png, id=1166, 385.44pt x 385.44pt>
File: figures/Results/Sketches50/level1.png Graphic file (type png)

<use figures/Results/Sketches50/level1.png>
Package pdftex.def Info: figures/Results/Sketches50/level1.png used on input li
ne 159.
(pdftex.def)             Requested size: 94.74706pt x 94.74239pt.

<figures/Results/Sketches50/level2.png, id=1167, 385.44pt x 385.44pt>
File: figures/Results/Sketches50/level2.png Graphic file (type png)

<use figures/Results/Sketches50/level2.png>
Package pdftex.def Info: figures/Results/Sketches50/level2.png used on input li
ne 164.
(pdftex.def)             Requested size: 94.74706pt x 94.74239pt.

<figures/Results/Sketches50/level3.png, id=1168, 385.44pt x 385.44pt>
File: figures/Results/Sketches50/level3.png Graphic file (type png)

<use figures/Results/Sketches50/level3.png>
Package pdftex.def Info: figures/Results/Sketches50/level3.png used on input li
ne 169.
(pdftex.def)             Requested size: 94.74706pt x 94.74239pt.
 [52 <./figures/Results/Sketches50/Model.png> <./figures/Results/Sketches50/lev
el1.png (PNG copy)> <./figures/Results/Sketches50/level2.png (PNG copy)> <./fig
ures/Results/Sketches50/level3.png (PNG copy)>]
<figures/Results/Sketches100f/Model.png, id=1175, 385.44pt x 385.44pt>
File: figures/Results/Sketches100f/Model.png Graphic file (type png)

<use figures/Results/Sketches100f/Model.png>
Package pdftex.def Info: figures/Results/Sketches100f/Model.png used on input l
ine 200.
(pdftex.def)             Requested size: 61.47942pt x 61.47757pt.

<figures/Results/Sketches100f/level1.png, id=1176, 385.44pt x 385.44pt>
File: figures/Results/Sketches100f/level1.png Graphic file (type png)

<use figures/Results/Sketches100f/level1.png>
Package pdftex.def Info: figures/Results/Sketches100f/level1.png used on input 
line 205.
(pdftex.def)             Requested size: 94.74706pt x 94.74239pt.

<figures/Results/Sketches100f/level2.png, id=1177, 385.44pt x 385.44pt>
File: figures/Results/Sketches100f/level2.png Graphic file (type png)

<use figures/Results/Sketches100f/level2.png>
Package pdftex.def Info: figures/Results/Sketches100f/level2.png used on input 
line 210.
(pdftex.def)             Requested size: 94.74706pt x 94.74239pt.

<figures/Results/Sketches100f/level3.png, id=1178, 385.44pt x 385.44pt>
File: figures/Results/Sketches100f/level3.png Graphic file (type png)

<use figures/Results/Sketches100f/level3.png>
Package pdftex.def Info: figures/Results/Sketches100f/level3.png used on input 
line 215.
(pdftex.def)             Requested size: 94.74706pt x 94.74239pt.
 [53 <./figures/Results/Sketches100f/Model.png> <./figures/Results/Sketches100f
/level1.png (PNG copy)> <./figures/Results/Sketches100f/level2.png (PNG copy)> 
<./figures/Results/Sketches100f/level3.png (PNG copy)>]
<figures/Results/Sketches100/Models.png, id=1186, 385.44pt x 385.44pt>
File: figures/Results/Sketches100/Models.png Graphic file (type png)

<use figures/Results/Sketches100/Models.png>
Package pdftex.def Info: figures/Results/Sketches100/Models.png used on input l
ine 247.
(pdftex.def)             Requested size: 61.47942pt x 61.47757pt.

<figures/Results/Sketches100/level1.png, id=1187, 385.44pt x 385.44pt>
File: figures/Results/Sketches100/level1.png Graphic file (type png)

<use figures/Results/Sketches100/level1.png>
Package pdftex.def Info: figures/Results/Sketches100/level1.png used on input l
ine 252.
(pdftex.def)             Requested size: 94.74706pt x 94.74239pt.

<figures/Results/Sketches100/level2.png, id=1188, 385.44pt x 385.44pt>
File: figures/Results/Sketches100/level2.png Graphic file (type png)

<use figures/Results/Sketches100/level2.png>
Package pdftex.def Info: figures/Results/Sketches100/level2.png used on input l
ine 257.
(pdftex.def)             Requested size: 94.74706pt x 94.74239pt.

<figures/Results/Sketches100/level3.png, id=1189, 385.44pt x 385.44pt>
File: figures/Results/Sketches100/level3.png Graphic file (type png)

<use figures/Results/Sketches100/level3.png>
Package pdftex.def Info: figures/Results/Sketches100/level3.png used on input l
ine 262.
(pdftex.def)             Requested size: 94.74706pt x 94.74239pt.
 [54 <./figures/Results/Sketches100/Models.png> <./figures/Results/Sketches100/
level1.png (PNG copy)> <./figures/Results/Sketches100/level2.png (PNG copy)> <.
/figures/Results/Sketches100/level3.png (PNG copy)>]
<figures/Results/Sketches150f/Model.png, id=1196, 385.44pt x 385.44pt>
File: figures/Results/Sketches150f/Model.png Graphic file (type png)

<use figures/Results/Sketches150f/Model.png>
Package pdftex.def Info: figures/Results/Sketches150f/Model.png used on input l
ine 294.
(pdftex.def)             Requested size: 61.47942pt x 61.47757pt.

<figures/Results/Sketches150f/level1.png, id=1197, 385.44pt x 385.44pt>
File: figures/Results/Sketches150f/level1.png Graphic file (type png)

<use figures/Results/Sketches150f/level1.png>
Package pdftex.def Info: figures/Results/Sketches150f/level1.png used on input 
line 299.
(pdftex.def)             Requested size: 94.74706pt x 94.74239pt.

<figures/Results/Sketches150f/level2.png, id=1198, 385.44pt x 385.44pt>
File: figures/Results/Sketches150f/level2.png Graphic file (type png)

<use figures/Results/Sketches150f/level2.png>
Package pdftex.def Info: figures/Results/Sketches150f/level2.png used on input 
line 304.
(pdftex.def)             Requested size: 94.74706pt x 94.74239pt.

<figures/Results/Sketches150f/level3.png, id=1199, 385.44pt x 385.44pt>
File: figures/Results/Sketches150f/level3.png Graphic file (type png)

<use figures/Results/Sketches150f/level3.png>
Package pdftex.def Info: figures/Results/Sketches150f/level3.png used on input 
line 309.
(pdftex.def)             Requested size: 94.74706pt x 94.74239pt.
 [55 <./figures/Results/Sketches150f/Model.png> <./figures/Results/Sketches150f
/level1.png (PNG copy)> <./figures/Results/Sketches150f/level2.png (PNG copy)> 
<./figures/Results/Sketches150f/level3.png (PNG copy)>]
<figures/Results/Sketches150/Model.png, id=1207, 385.44pt x 385.44pt>
File: figures/Results/Sketches150/Model.png Graphic file (type png)

<use figures/Results/Sketches150/Model.png>
Package pdftex.def Info: figures/Results/Sketches150/Model.png used on input li
ne 341.
(pdftex.def)             Requested size: 61.47942pt x 61.47757pt.

<figures/Results/Sketches150/level1.png, id=1208, 385.44pt x 385.44pt>
File: figures/Results/Sketches150/level1.png Graphic file (type png)

<use figures/Results/Sketches150/level1.png>
Package pdftex.def Info: figures/Results/Sketches150/level1.png used on input l
ine 346.
(pdftex.def)             Requested size: 94.74706pt x 94.74239pt.

<figures/Results/Sketches150/level2.png, id=1209, 385.44pt x 385.44pt>
File: figures/Results/Sketches150/level2.png Graphic file (type png)

<use figures/Results/Sketches150/level2.png>
Package pdftex.def Info: figures/Results/Sketches150/level2.png used on input l
ine 351.
(pdftex.def)             Requested size: 94.74706pt x 94.74239pt.

<figures/Results/Sketches150/level3.png, id=1210, 385.44pt x 385.44pt>
File: figures/Results/Sketches150/level3.png Graphic file (type png)

<use figures/Results/Sketches150/level3.png>
Package pdftex.def Info: figures/Results/Sketches150/level3.png used on input l
ine 356.
(pdftex.def)             Requested size: 94.74706pt x 94.74239pt.
 [56 <./figures/Results/Sketches150/Model.png> <./figures/Results/Sketches150/l
evel1.png (PNG copy)> <./figures/Results/Sketches150/level2.png (PNG copy)> <./
figures/Results/Sketches150/level3.png (PNG copy)>]
<figures/Results/Rotation/Model.png, id=1217, 513.92pt x 513.92pt>
File: figures/Results/Rotation/Model.png Graphic file (type png)

<use figures/Results/Rotation/Model.png>
Package pdftex.def Info: figures/Results/Rotation/Model.png used on input line 
390.
(pdftex.def)             Requested size: 68.21709pt x 68.21562pt.

<figures/Results/Rotation/1.png, id=1218, 322.20375pt x 322.20375pt>
File: figures/Results/Rotation/1.png Graphic file (type png)

<use figures/Results/Rotation/1.png>
Package pdftex.def Info: figures/Results/Rotation/1.png used on input line 395.

(pdftex.def)             Requested size: 89.48457pt x 89.48389pt.

<figures/Results/Rotation/2.png, id=1219, 362.35374pt x 362.35374pt>
File: figures/Results/Rotation/2.png Graphic file (type png)

<use figures/Results/Rotation/2.png>
Package pdftex.def Info: figures/Results/Rotation/2.png used on input line 402.

(pdftex.def)             Requested size: 94.74706pt x 94.74606pt.

<figures/Results/Rotation/3.png, id=1220, 270.00874pt x 270.00874pt>
File: figures/Results/Rotation/3.png Graphic file (type png)

<use figures/Results/Rotation/3.png>
Package pdftex.def Info: figures/Results/Rotation/3.png used on input line 409.

(pdftex.def)             Requested size: 73.69232pt x 73.69025pt.
 [57 <./figures/Results/Rotation/Model.png> <./figures/Results/Rotation/1.png> 
<./figures/Results/Rotation/2.png> <./figures/Results/Rotation/3.png>]
<figures/Results/Scaling/Model.png, id=1227, 513.92pt x 513.92pt>
File: figures/Results/Scaling/Model.png Graphic file (type png)

<use figures/Results/Scaling/Model.png>
Package pdftex.def Info: figures/Results/Scaling/Model.png used on input line 4
37.
(pdftex.def)             Requested size: 61.47942pt x 61.47168pt.

<figures/Results/Scaling/1.png, id=1228, 513.92pt x 513.92pt>
File: figures/Results/Scaling/1.png Graphic file (type png)

<use figures/Results/Scaling/1.png>
Package pdftex.def Info: figures/Results/Scaling/1.png used on input line 442.
(pdftex.def)             Requested size: 94.74706pt x 94.74435pt.

<figures/Results/Scaling/2.png, id=1229, 271.0125pt x 271.0125pt>
File: figures/Results/Scaling/2.png Graphic file (type png)

<use figures/Results/Scaling/2.png>
Package pdftex.def Info: figures/Results/Scaling/2.png used on input line 449.
(pdftex.def)             Requested size: 94.74706pt x 94.74826pt.

<figures/Results/Scaling/3.png, id=1230, 513.92pt x 513.92pt>
File: figures/Results/Scaling/3.png Graphic file (type png)

<use figures/Results/Scaling/3.png>
Package pdftex.def Info: figures/Results/Scaling/3.png used on input line 456.
(pdftex.def)             Requested size: 94.74706pt x 94.74435pt.
 [58 <./figures/Results/Scaling/Model.png> <./figures/Results/Scaling/1.png> <.
/figures/Results/Scaling/2.png> <./figures/Results/Scaling/3.png>]
<figures/Results/RotationScaling/Model.png, id=1237, 513.92pt x 513.92pt>
File: figures/Results/RotationScaling/Model.png Graphic file (type png)

<use figures/Results/RotationScaling/Model.png>
Package pdftex.def Info: figures/Results/RotationScaling/Model.png used on inpu
t line 484.
(pdftex.def)             Requested size: 61.47942pt x 61.47168pt.

<figures/Results/RotationScaling/1.png, id=1238, 290.08376pt x 290.08376pt>
File: figures/Results/RotationScaling/1.png Graphic file (type png)

<use figures/Results/RotationScaling/1.png>
Package pdftex.def Info: figures/Results/RotationScaling/1.png used on input li
ne 489.
(pdftex.def)             Requested size: 94.74706pt x 94.74529pt.

<figures/Results/RotationScaling/2.png, id=1239, 442.65375pt x 442.65375pt>
File: figures/Results/RotationScaling/2.png Graphic file (type png)

<use figures/Results/RotationScaling/2.png>
Package pdftex.def Info: figures/Results/RotationScaling/2.png used on input li
ne 496.
(pdftex.def)             Requested size: 94.74706pt x 94.74316pt.

<figures/Results/RotationScaling/3.png, id=1240, 571.13374pt x 571.13374pt>
File: figures/Results/RotationScaling/3.png Graphic file (type png)

<use figures/Results/RotationScaling/3.png>
Package pdftex.def Info: figures/Results/RotationScaling/3.png used on input li
ne 503.
(pdftex.def)             Requested size: 94.74706pt x 94.74716pt.
 [59 <./figures/Results/RotationScaling/Model.png> <./figures/Results/RotationS
caling/1.png> <./figures/Results/RotationScaling/2.png> <./figures/Results/Rota
tionScaling/3.png>]
<figures/Results/NoiseA/Model.png, id=1248, 513.92pt x 513.92pt>
File: figures/Results/NoiseA/Model.png Graphic file (type png)

<use figures/Results/NoiseA/Model.png>
Package pdftex.def Info: figures/Results/NoiseA/Model.png used on input line 53
3.
(pdftex.def)             Requested size: 92.64128pt x 92.6349pt.

Overfull \hbox (8.4224pt too wide) in paragraph at lines 533--534
 [][] 
 []

<figures/Results/NoiseA/1.png, id=1249, 256.96pt x 256.96pt>
File: figures/Results/NoiseA/1.png Graphic file (type png)

<use figures/Results/NoiseA/1.png>
Package pdftex.def Info: figures/Results/NoiseA/1.png used on input line 538.
(pdftex.def)             Requested size: 94.74706pt x 94.74828pt.

<figures/Results/NoiseA/2.png, id=1250, 256.96pt x 256.96pt>
File: figures/Results/NoiseA/2.png Graphic file (type png)

<use figures/Results/NoiseA/2.png>
Package pdftex.def Info: figures/Results/NoiseA/2.png used on input line 545.
(pdftex.def)             Requested size: 94.74706pt x 94.74828pt.

<figures/Results/NoiseA/3.png, id=1251, 256.96pt x 256.96pt>
File: figures/Results/NoiseA/3.png Graphic file (type png)

<use figures/Results/NoiseA/3.png>
Package pdftex.def Info: figures/Results/NoiseA/3.png used on input line 552.
(pdftex.def)             Requested size: 94.74706pt x 94.74828pt.
 [60 <./figures/Results/NoiseA/Model.png> <./figures/Results/NoiseA/1.png> <./f
igures/Results/NoiseA/2.png> <./figures/Results/NoiseA/3.png>]
<figures/Results/NoiseB/Model.png, id=1258, 513.92pt x 513.92pt>
File: figures/Results/NoiseB/Model.png Graphic file (type png)

<use figures/Results/NoiseB/Model.png>
Package pdftex.def Info: figures/Results/NoiseB/Model.png used on input line 58
0.
(pdftex.def)             Requested size: 92.64128pt x 92.6349pt.

Overfull \hbox (8.4224pt too wide) in paragraph at lines 580--581
 [][] 
 []

<figures/Results/NoiseB/1.png, id=1259, 256.96pt x 256.96pt>
File: figures/Results/NoiseB/1.png Graphic file (type png)

<use figures/Results/NoiseB/1.png>
Package pdftex.def Info: figures/Results/NoiseB/1.png used on input line 585.
(pdftex.def)             Requested size: 94.74706pt x 94.74828pt.

<figures/Results/NoiseB/2.png, id=1260, 256.96pt x 256.96pt>
File: figures/Results/NoiseB/2.png Graphic file (type png)

<use figures/Results/NoiseB/2.png>
Package pdftex.def Info: figures/Results/NoiseB/2.png used on input line 592.
(pdftex.def)             Requested size: 94.74706pt x 94.74828pt.

<figures/Results/NoiseB/3.png, id=1261, 256.96pt x 256.96pt>
File: figures/Results/NoiseB/3.png Graphic file (type png)

<use figures/Results/NoiseB/3.png>
Package pdftex.def Info: figures/Results/NoiseB/3.png used on input line 599.
(pdftex.def)             Requested size: 94.74706pt x 94.74828pt.
 [61 <./figures/Results/NoiseB/Model.png> <./figures/Results/NoiseB/1.png> <./f
igures/Results/NoiseB/2.png> <./figures/Results/NoiseB/3.png>]
<figures/Results/NoiseE/Model.png, id=1268, 513.92pt x 513.92pt>
File: figures/Results/NoiseE/Model.png Graphic file (type png)

<use figures/Results/NoiseE/Model.png>
Package pdftex.def Info: figures/Results/NoiseE/Model.png used on input line 62
7.
(pdftex.def)             Requested size: 92.64128pt x 92.6349pt.

Overfull \hbox (8.4224pt too wide) in paragraph at lines 627--628
 [][] 
 []

<figures/Results/NoiseE/1.png, id=1269, 256.96pt x 256.96pt>
File: figures/Results/NoiseE/1.png Graphic file (type png)

<use figures/Results/NoiseE/1.png>
Package pdftex.def Info: figures/Results/NoiseE/1.png used on input line 632.
(pdftex.def)             Requested size: 94.74706pt x 94.74828pt.

<figures/Results/NoiseE/2.png, id=1270, 256.96pt x 256.96pt>
File: figures/Results/NoiseE/2.png Graphic file (type png)

<use figures/Results/NoiseE/2.png>
Package pdftex.def Info: figures/Results/NoiseE/2.png used on input line 639.
(pdftex.def)             Requested size: 94.74706pt x 94.74828pt.

<figures/Results/NoiseE/3.png, id=1271, 256.96pt x 256.96pt>
File: figures/Results/NoiseE/3.png Graphic file (type png)

<use figures/Results/NoiseE/3.png>
Package pdftex.def Info: figures/Results/NoiseE/3.png used on input line 646.
(pdftex.def)             Requested size: 94.74706pt x 94.74828pt.
) [62 <./figures/Results/NoiseE/Model.png> <./figures/Results/NoiseE/1.png> <./
figures/Results/NoiseE/2.png> <./figures/Results/NoiseE/3.png>]
\openout2 = `Discussion.aux'.

 (./Discussion.tex
Chapter 6.

Underfull \hbox (badness 10000) in alignment at lines 1--1
[]
 []


Underfull \hbox (badness 10000) in paragraph at lines 5--6

 []


Underfull \hbox (badness 10000) in paragraph at lines 7--8

 []

[63



]
Underfull \hbox (badness 10000) in paragraph at lines 13--14

 []

<figures/discussion/results.png, id=1283, 662.9568pt x 286.671pt>
File: figures/discussion/results.png Graphic file (type png)

<use figures/discussion/results.png>
Package pdftex.def Info: figures/discussion/results.png used on input line 17.
(pdftex.def)             Requested size: 421.10089pt x 182.09091pt.

Underfull \hbox (badness 10000) in paragraph at lines 24--25

 []

[64 <./figures/discussion/results.png>]
<figures/discussion/results2.png, id=1291, 644.6484pt x 217.2918pt>
File: figures/discussion/results2.png Graphic file (type png)

<use figures/discussion/results2.png>
Package pdftex.def Info: figures/discussion/results2.png used on input line 30.

(pdftex.def)             Requested size: 421.10089pt x 141.9442pt.
 [65 <./figures/discussion/results2.png>]
<figures/discussion/results3.png, id=1299, 642.7212pt x 188.8656pt>
File: figures/discussion/results3.png Graphic file (type png)

<use figures/discussion/results3.png>
Package pdftex.def Info: figures/discussion/results3.png used on input line 42.

(pdftex.def)             Requested size: 421.10089pt x 123.741pt.

Underfull \hbox (badness 10000) in paragraph at lines 48--49

 []

[66 <./figures/discussion/results3.png>]
Underfull \hbox (badness 10000) in paragraph at lines 50--51

 []


Underfull \hbox (badness 10000) in paragraph at lines 52--53

 []

)
Underfull \hbox (badness 10000) in paragraph at lines 54--109

 []

[67]
\openout2 = `Conclusion.aux'.

 (./Conclusion.tex
Chapter 7.

Underfull \hbox (badness 10000) in alignment at lines 1--1
[]
 []


Underfull \hbox (badness 10000) in paragraph at lines 3--4

 []


Underfull \hbox (badness 10000) in paragraph at lines 6--7

 []

<figures/Results/SetC/Model.png, id=1312, 256.96pt x 256.96pt>
File: figures/Results/SetC/Model.png Graphic file (type png)

<use figures/Results/SetC/Model.png>
Package pdftex.def Info: figures/Results/SetC/Model.png used on input line 12.
(pdftex.def)             Requested size: 92.64128pt x 92.64275pt.

Overfull \hbox (8.4224pt too wide) in paragraph at lines 12--13
 [][] 
 []

<figures/Results/SetC/1.png, id=1313, 256.96pt x 256.96pt>
File: figures/Results/SetC/1.png Graphic file (type png)

<use figures/Results/SetC/1.png>
Package pdftex.def Info: figures/Results/SetC/1.png used on input line 17.
(pdftex.def)             Requested size: 94.74706pt x 94.74828pt.

<figures/Results/SetC/2.png, id=1314, 256.96pt x 256.96pt>
File: figures/Results/SetC/2.png Graphic file (type png)

<use figures/Results/SetC/2.png>
Package pdftex.def Info: figures/Results/SetC/2.png used on input line 24.
(pdftex.def)             Requested size: 94.74706pt x 94.74828pt.

<figures/Results/SetC/3.png, id=1315, 256.96pt x 256.96pt>
File: figures/Results/SetC/3.png Graphic file (type png)

<use figures/Results/SetC/3.png>
Package pdftex.def Info: figures/Results/SetC/3.png used on input line 31.
(pdftex.def)             Requested size: 94.74706pt x 94.74828pt.


LaTeX Warning: `h' float specifier changed to `ht'.

Missing character: There is no ï in font cmr12!
Missing character: There is no ¿ in font cmr12!
Missing character: There is no ¼ in font cmr12!
Missing character: There is no ï in font cmr12!
Missing character: There is no ¿ in font cmr12!
Missing character: There is no ¼ in font cmr12!

LaTeX Warning: `h' float specifier changed to `ht'.


Underfull \hbox (badness 10000) in paragraph at lines 56--57

 []

[68



]
Underfull \hbox (badness 10000) in paragraph at lines 58--59

 []


Underfull \hbox (badness 10000) in paragraph at lines 60--61

 []

[69 <./figures/Results/SetC/Model.png> <./figures/Results/SetC/1.png> <./figure
s/Results/SetC/2.png> <./figures/Results/SetC/3.png>]
Underfull \hbox (badness 10000) in paragraph at lines 62--63

 []

) [70]
\openout2 = `Appendix.aux'.

 (./Appendix.tex
Appendix A.

Underfull \hbox (badness 10000) in alignment at lines 2--2
[]
 []


Underfull \hbox (badness 10000) in paragraph at lines 5--6

 []

LaTeX Font Info:    Try loading font information for OMS+cmr on input line 19.
(/usr/local/texlive/2012/texmf-dist/tex/latex/base/omscmr.fd
File: omscmr.fd 1999/05/25 v2.5h Standard LaTeX font definitions
)
LaTeX Font Info:    Font shape `OMS/cmr/m/n' in size <12> not available
(Font)              Font shape `OMS/cmsy/m/n' tried instead on input line 19.
 [71



] [72]
[73] [74] [75] [76] [77] [78] [79] [80] [81]
Overfull \hbox (40.3687pt too wide) in paragraph at lines 247--273
 [][] 
 []


Overfull \hbox (20.78557pt too wide) in paragraph at lines 281--301
 [][] 
 []

[82] [83] <figures/Howto/fieldAddress.png, id=1441, 1138.2525pt x 339.2675pt>
File: figures/Howto/fieldAddress.png Graphic file (type png)

<use figures/Howto/fieldAddress.png>
Package pdftex.def Info: figures/Howto/fieldAddress.png used on input line 323.

(pdftex.def)             Requested size: 336.88199pt x 100.40918pt.

<figures/Howto/currentFolder.png, id=1443, 608.2725pt x 452.69125pt>
File: figures/Howto/currentFolder.png Graphic file (type png)

<use figures/Howto/currentFolder.png>
Package pdftex.def Info: figures/Howto/currentFolder.png used on input line 332
.
(pdftex.def)             Requested size: 210.55045pt x 156.6967pt.


LaTeX Warning: `h' float specifier changed to `ht'.

[84 <./figures/Howto/fieldAddress.png>]
Underfull \hbox (badness 10000) in paragraph at lines 340--341

 []


Overfull \hbox (4.12807pt too wide) in paragraph at lines 347--348
\OT1/cmr/m/n/12 Num-berOf-Tu-ples-Per-Fil-ter, and min-Num-berOfDis-tinc-tO-ri-
en-ta-tion-sPer-Fil-ter pa-ram-
 []


Underfull \hbox (badness 10000) in paragraph at lines 347--348

 []

[85 <./figures/Howto/currentFolder.png>]
Underfull \hbox (badness 10000) in paragraph at lines 355--356

 []

LaTeX Font Info:    Font shape `OMS/cmr/m/n' in size <10> not available
(Font)              Font shape `OMS/cmsy/m/n' tried instead on input line 359.

Underfull \hbox (badness 10000) in paragraph at lines 364--365

 []


Underfull \hbox (badness 10000) in paragraph at lines 376--377

 []

[86]
Underfull \hbox (badness 10000) in paragraph at lines 383--384

 []


Underfull \hbox (badness 10000) in paragraph at lines 393--394

 []

) [87]
(/Users/lukeagius/Documents/Dropbox/1. Documents Repository/Education/Universit
y/5th year/Thesis/Documentation/Thesis Document/4. Final Report/Document/.texpa
dtmp/Dissertation.bbl
Underfull \hbox (badness 10000) in paragraph at lines 4--8
[]$\OT1/cmtt/m/n/12 http : / / www . improvedoutcomes . com / docs / WebSiteDoc
s / Clustering /
 []


Underfull \hbox (badness 10000) in paragraph at lines 4--8
\OT1/cmtt/m/n/12 Clustering _ Parameters / Euclidean _ and _ Euclidean _ Square
d _ Distance _
 []


Underfull \hbox (badness 10000) in paragraph at lines 16--20
[]$\OT1/cmtt/m/n/12 http : / / mathieu . delalandre . free . fr / projects / se
syd / symbols /
 []


Underfull \hbox (badness 10000) in paragraph at lines 22--26
[]$\OT1/cmtt/m/n/12 http : / / www . informatics . indiana . edu / predrag / cl
asses /
 []


Underfull \hbox (badness 10000) in paragraph at lines 28--32
[]$\OT1/cmtt/m/n/12 http : / / www . eecs . berkeley . edu / Research / Project
s / CS / vision / shape /
 []

[88


]
Underfull \hbox (badness 10000) in paragraph at lines 46--50
[]$\OT1/cmtt/m/n/12 http : / / mathieu . delalandre . free . fr / projects / se
syd / symbols /
 []

[89]
Missing character: There is no Ã in font cmr12!
Missing character: There is no © in font cmr12!
 [90]
Missing character: There is no Ã in font cmr12!
Missing character: There is no ¼ in font cmr12!
 [91]
Missing character: There is no â in font cmr12!
Missing character: There is no € in font cmr12!
Missing character: There is no ” in font cmr12!
Missing character: There is no â in font cmr12!
Missing character: There is no € in font cmr12!
Missing character: There is no “ in font cmr12!
 [92]
Missing character: There is no Ã in font cmr12!
Missing character: There is no ³ in font cmr12!
 [93]) [94]
\openout2 = `Evaluation.aux'.

 (./Evaluation.tex
Appendix B.

Underfull \hbox (badness 10000) in alignment at lines 1--1
[]
 []


Underfull \hbox (badness 10000) in paragraph at lines 3--4

 []


Underfull \hbox (badness 10000) in paragraph at lines 5--6

 []

) [95


]
Package atveryend Info: Empty hook `BeforeClearDocument' on input line 125.
Package atveryend Info: Empty hook `AfterLastShipout' on input line 125.

(/Users/lukeagius/Documents/Dropbox/1. Documents Repository/Education/Universit
y/5th year/Thesis/Documentation/Thesis Document/4. Final Report/Document/.texpa
dtmp/Dissertation.aux
(/Users/lukeagius/Documents/Dropbox/1. Documents Repository/Education/Universit
y/5th year/Thesis/Documentation/Thesis Document/4. Final Report/Document/.texpa
dtmp/Titlepage.aux)
(/Users/lukeagius/Documents/Dropbox/1. Documents Repository/Education/Universit
y/5th year/Thesis/Documentation/Thesis Document/4. Final Report/Document/.texpa
dtmp/Acknowledgments.aux)
(/Users/lukeagius/Documents/Dropbox/1. Documents Repository/Education/Universit
y/5th year/Thesis/Documentation/Thesis Document/4. Final Report/Document/.texpa
dtmp/TableOfContents.aux)
(/Users/lukeagius/Documents/Dropbox/1. Documents Repository/Education/Universit
y/5th year/Thesis/Documentation/Thesis Document/4. Final Report/Document/.texpa
dtmp/Summary.aux)
(/Users/lukeagius/Documents/Dropbox/1. Documents Repository/Education/Universit
y/5th year/Thesis/Documentation/Thesis Document/4. Final Report/Document/.texpa
dtmp/introduction.aux)
(/Users/lukeagius/Documents/Dropbox/1. Documents Repository/Education/Universit
y/5th year/Thesis/Documentation/Thesis Document/4. Final Report/Document/.texpa
dtmp/LitreatureReview.aux)
(/Users/lukeagius/Documents/Dropbox/1. Documents Repository/Education/Universit
y/5th year/Thesis/Documentation/Thesis Document/4. Final Report/Document/.texpa
dtmp/Methods.aux)
(/Users/lukeagius/Documents/Dropbox/1. Documents Repository/Education/Universit
y/5th year/Thesis/Documentation/Thesis Document/4. Final Report/Document/.texpa
dtmp/Results.aux)
(/Users/lukeagius/Documents/Dropbox/1. Documents Repository/Education/Universit
y/5th year/Thesis/Documentation/Thesis Document/4. Final Report/Document/.texpa
dtmp/Discussion.aux)
(/Users/lukeagius/Documents/Dropbox/1. Documents Repository/Education/Universit
y/5th year/Thesis/Documentation/Thesis Document/4. Final Report/Document/.texpa
dtmp/Conclusion.aux)
(/Users/lukeagius/Documents/Dropbox/1. Documents Repository/Education/Universit
y/5th year/Thesis/Documentation/Thesis Document/4. Final Report/Document/.texpa
dtmp/Appendix.aux)
(/Users/lukeagius/Documents/Dropbox/1. Documents Repository/Education/Universit
y/5th year/Thesis/Documentation/Thesis Document/4. Final Report/Document/.texpa
dtmp/Evaluation.aux))
Package atveryend Info: Executing hook `AtVeryEndDocument' on input line 125.
Package atveryend Info: Executing hook `AtEndAfterFileList' on input line 125.
Package rerunfilecheck Info: File `Dissertation.out' has not changed.
(rerunfilecheck)             Checksum: <no file>.


LaTeX Warning: There were multiply-defined labels.

Package atveryend Info: Empty hook `AtVeryVeryEnd' on input line 125.
 ) 
Here is how much of TeX's memory you used:
 11685 strings out of 493488
 193268 string characters out of 3141326
 459855 words of memory out of 3000000
 14244 multiletter control sequences out of 15000+200000
 17786 words of font info for 69 fonts, out of 3000000 for 9000
 957 hyphenation exceptions out of 8191
 36i,12n,50p,1091b,1501s stack positions out of 5000i,500n,10000p,200000b,50000s
pdfTeX warning (dest): name{Hfootnote.5} has been referenced but does not exi
st, replaced by a fixed one

pdfTeX warning (dest): name{Hfootnote.4} has been referenced but does not exist
, replaced by a fixed one

pdfTeX warning (dest): name{Hfootnote.3} has been referenced but does not exist
, replaced by a fixed one

pdfTeX warning (dest): name{Hfootnote.2} has been referenced but does not exist
, replaced by a fixed one

pdfTeX warning (dest): name{Hfootnote.1} has been referenced but does not exist
, replaced by a fixed one

</usr/local/texlive/2012/texmf-dist/fonts/type1/public/amsfonts/cm/cmbx12.pfb><
/usr/local/texlive/2012/texmf-dist/fonts/type1/public/amsfonts/cm/cmex10.pfb></
usr/local/texlive/2012/texmf-dist/fonts/type1/public/amsfonts/cmextra/cmex8.pfb
></usr/local/texlive/2012/texmf-dist/fonts/type1/public/amsfonts/cm/cmmi12.pfb>
</usr/local/texlive/2012/texmf-dist/fonts/type1/public/amsfonts/cm/cmmi6.pfb></
usr/local/texlive/2012/texmf-dist/fonts/type1/public/amsfonts/cm/cmmi8.pfb></us
r/local/texlive/2012/texmf-dist/fonts/type1/public/amsfonts/cm/cmr10.pfb></usr/
local/texlive/2012/texmf-dist/fonts/type1/public/amsfonts/cm/cmr12.pfb></usr/lo
cal/texlive/2012/texmf-dist/fonts/type1/public/amsfonts/cm/cmr6.pfb></usr/local
/texlive/2012/texmf-dist/fonts/type1/public/amsfonts/cm/cmr7.pfb></usr/local/te
xlive/2012/texmf-dist/fonts/type1/public/amsfonts/cm/cmr8.pfb></usr/local/texli
ve/2012/texmf-dist/fonts/type1/public/amsfonts/cm/cmsy10.pfb></usr/local/texliv
e/2012/texmf-dist/fonts/type1/public/amsfonts/cm/cmsy6.pfb></usr/local/texlive/
2012/texmf-dist/fonts/type1/public/amsfonts/cm/cmsy8.pfb></usr/local/texlive/20
12/texmf-dist/fonts/type1/public/amsfonts/cm/cmti12.pfb></usr/local/texlive/201
2/texmf-dist/fonts/type1/public/amsfonts/cm/cmtt10.pfb></usr/local/texlive/2012
/texmf-dist/fonts/type1/public/amsfonts/cm/cmtt12.pfb>
Output written on "/Users/lukeagius/Documents/Dropbox/1. Documents Repository/E
ducation/University/5th year/Thesis/Documentation/Thesis Document/4. Final Repo
rt/Document/.texpadtmp/Dissertation.pdf" (103 pages, 4204343 bytes).
PDF statistics:
 1694 PDF objects out of 1728 (max. 8388607)
 1405 compressed objects within 15 object streams
 433 named destinations out of 1000 (max. 500000)
 1188 words of extra memory for PDF output out of 10000 (max. 10000000)

