\BOOKMARK [0][-]{Doc-Start}{Table Of Contents}{}% 1
\BOOKMARK [0][-]{chapter*.1}{List of Figures}{}% 2
\BOOKMARK [0][-]{chapter*.2}{List of Tables}{}% 3
\BOOKMARK [0][-]{chapter.1}{Chapter Summary}{}% 4
\BOOKMARK [0][-]{chapter.2}{Chapter Introduction}{}% 5
\BOOKMARK [1][-]{section.2.1}{Background}{chapter.2}% 6
\BOOKMARK [1][-]{section.2.2}{Research Questions}{chapter.2}% 7
\BOOKMARK [1][-]{section.2.3}{Deliverables}{chapter.2}% 8
\BOOKMARK [1][-]{section.2.4}{Project Plan}{chapter.2}% 9
\BOOKMARK [1][-]{section.2.5}{Overview of The Report}{chapter.2}% 10
\BOOKMARK [0][-]{chapter.3}{Chapter Literature Review}{}% 11
\BOOKMARK [1][-]{section.3.1}{Overview}{chapter.3}% 12
\BOOKMARK [1][-]{section.3.2}{What Is a Symbol?}{chapter.3}% 13
\BOOKMARK [1][-]{section.3.3}{Symbol Recognition}{chapter.3}% 14
\BOOKMARK [2][-]{subsection.3.3.1}{Statistical Symbol Recognition}{section.3.3}% 15
\BOOKMARK [2][-]{subsection.3.3.2}{Structural Symbol Recognition}{section.3.3}% 16
\BOOKMARK [2][-]{subsection.3.3.3}{Performance Evaluation}{section.3.3}% 17
\BOOKMARK [1][-]{section.3.4}{State of The Art}{chapter.3}% 18
\BOOKMARK [1][-]{section.3.5}{COSFIRE Filters}{chapter.3}% 19
\BOOKMARK [0][-]{chapter.4}{Chapter Methods}{}% 20
\BOOKMARK [1][-]{section.4.1}{Overview}{chapter.4}% 21
\BOOKMARK [2][-]{subsection.4.1.1}{The COSFIRE Approach}{section.4.1}% 22
\BOOKMARK [2][-]{subsection.4.1.2}{Evaluation}{section.4.1}% 23
\BOOKMARK [1][-]{section.4.2}{COSFIRE Method}{chapter.4}% 24
\BOOKMARK [2][-]{subsection.4.2.1}{Overview}{section.4.2}% 25
\BOOKMARK [2][-]{subsection.4.2.2}{Using Gabor filters to Detect Orientations}{section.4.2}% 26
\BOOKMARK [2][-]{subsection.4.2.3}{Configuration}{section.4.2}% 27
\BOOKMARK [2][-]{subsection.4.2.4}{Application of a COSFIRE Filter}{section.4.2}% 28
\BOOKMARK [1][-]{section.4.3}{Evaluation}{chapter.4}% 29
\BOOKMARK [2][-]{subsection.4.3.1}{Pre-Processing}{section.4.3}% 30
\BOOKMARK [2][-]{subsection.4.3.2}{Forming a Shape Descriptor}{section.4.3}% 31
\BOOKMARK [2][-]{subsection.4.3.3}{Classification}{section.4.3}% 32
\BOOKMARK [2][-]{subsection.4.3.4}{Evaluation Summary}{section.4.3}% 33
\BOOKMARK [0][-]{chapter.5}{Chapter Experimental Results}{}% 34
\BOOKMARK [1][-]{section.5.1}{Overview}{chapter.5}% 35
\BOOKMARK [1][-]{section.5.2}{Category 1 Datasets}{chapter.5}% 36
\BOOKMARK [2][-]{subsection.5.2.1}{Sketches25f}{section.5.2}% 37
\BOOKMARK [2][-]{subsection.5.2.2}{Sketches25}{section.5.2}% 38
\BOOKMARK [2][-]{subsection.5.2.3}{Sketches50f}{section.5.2}% 39
\BOOKMARK [2][-]{subsection.5.2.4}{Sketches50}{section.5.2}% 40
\BOOKMARK [2][-]{subsection.5.2.5}{Sketches100f}{section.5.2}% 41
\BOOKMARK [2][-]{subsection.5.2.6}{Sketches100}{section.5.2}% 42
\BOOKMARK [2][-]{subsection.5.2.7}{Sketches150f}{section.5.2}% 43
\BOOKMARK [2][-]{subsection.5.2.8}{Sketches150}{section.5.2}% 44
\BOOKMARK [1][-]{section.5.3}{Category 2 Datasets}{chapter.5}% 45
\BOOKMARK [2][-]{subsection.5.3.1}{Rotation}{section.5.3}% 46
\BOOKMARK [2][-]{subsection.5.3.2}{Scaling}{section.5.3}% 47
\BOOKMARK [2][-]{subsection.5.3.3}{RotationScaling}{section.5.3}% 48
\BOOKMARK [1][-]{section.5.4}{Category 3 Datasets}{chapter.5}% 49
\BOOKMARK [2][-]{subsection.5.4.1}{Noise A}{section.5.4}% 50
\BOOKMARK [2][-]{subsection.5.4.2}{Noise B}{section.5.4}% 51
\BOOKMARK [2][-]{subsection.5.4.3}{Noise E}{section.5.4}% 52
\BOOKMARK [0][-]{chapter.6}{Chapter Discussion}{}% 53
\BOOKMARK [1][-]{section.6.1}{Overview}{chapter.6}% 54
\BOOKMARK [1][-]{section.6.2}{Robustness to Scalability}{chapter.6}% 55
\BOOKMARK [1][-]{section.6.3}{Robustness to Geometrical Transformations}{chapter.6}% 56
\BOOKMARK [1][-]{section.6.4}{Robustness to Noise}{chapter.6}% 57
\BOOKMARK [1][-]{section.6.5}{Discussion Summary}{chapter.6}% 58
\BOOKMARK [0][-]{chapter.7}{Chapter Conclusion}{}% 59
\BOOKMARK [1][-]{section.7.1}{Outlook}{chapter.7}% 60
\BOOKMARK [0][-]{appendix.A}{Chapter Appendix}{}% 61
\BOOKMARK [1][-]{section.A.1}{Program Implementation}{appendix.A}% 62
\BOOKMARK [2][-]{subsection.A.1.1}{ExperimentParameters.m}{section.A.1}% 63
\BOOKMARK [2][-]{subsection.A.1.2}{Utilities.m}{section.A.1}% 64
\BOOKMARK [2][-]{subsection.A.1.3}{ConfigureOperators.m}{section.A.1}% 65
\BOOKMARK [2][-]{subsection.A.1.4}{TrainOperators.m}{section.A.1}% 66
\BOOKMARK [2][-]{subsection.A.1.5}{TestOperators.m}{section.A.1}% 67
\BOOKMARK [2][-]{subsection.A.1.6}{Experiment.m}{section.A.1}% 68
\BOOKMARK [1][-]{section.A.2}{CD Contents}{appendix.A}% 69
\BOOKMARK [2][-]{subsection.A.2.1}{Dissertation document}{section.A.2}% 70
\BOOKMARK [2][-]{subsection.A.2.2}{Video}{section.A.2}% 71
\BOOKMARK [2][-]{subsection.A.2.3}{Implementation}{section.A.2}% 72
\BOOKMARK [2][-]{subsection.A.2.4}{Datasets}{section.A.2}% 73
\BOOKMARK [1][-]{section.A.3}{How to run an experiment}{appendix.A}% 74
\BOOKMARK [2][-]{subsection.A.3.1}{File And Directory Setup}{section.A.3}% 75
\BOOKMARK [2][-]{subsection.A.3.2}{Parameter Setup}{section.A.3}% 76
\BOOKMARK [2][-]{subsection.A.3.3}{Execution}{section.A.3}% 77
\BOOKMARK [2][-]{subsection.A.3.4}{Output}{section.A.3}% 78
\BOOKMARK [0][-]{appendix.B}{Chapter Evaluation}{}% 79
